2020-04-09 09:01:37,579 [INFO ] trail - ////////////////////Automation Script Execution Started!/////////////////////////
2020-04-09 09:01:44,670 [DEBUG] trail - Navigated to: 'https://test.salesforce.com'
2020-04-09 09:01:52,432 [INFO ] trail - 
###############################Test Case: reached_multipleUsers is Started!####################################

2020-04-09 09:02:08,472 [DEBUG] trail - Navigated to: 'https://fei--fscfull.lightning.force.com/lightning/r/User/0050R000000XRFmQAO/view'
2020-04-09 09:02:45,999 [INFO ] trail - Logged in as : Field Advisor: Ian Krekelberg
2020-04-09 09:02:46,978 [INFO ] trail - Complete running SalesforceRestAPI.APIConnection()
2020-04-09 09:02:54,472 [INFO ] trail - Complete running SalesforceRestAPI.createRetailRecord()
2020-04-09 09:02:59,513 [INFO ] trail - Complete running SalesforceRestAPI.updateRetailRecord()
2020-04-09 09:03:02,890 [INFO ] trail - Complete running SalesforceRestAPI.updateBrancAccountRelationship();
2020-04-09 09:03:02,890 [INFO ] trail - Complete running SalesforceTestRestAPI.APIConnection()
2020-04-09 09:03:04,694 [DEBUG] trail - Navigated to: 'https://fei--fscfull.lightning.force.com/lightning/r/Account/0010R00000zD0PMQA0/view'
2020-04-09 09:03:09,695 [INFO ] trail - Open up the Account and log a Call
2020-04-09 09:03:20,654 [DEBUG] trail - Clicked on: [[[[ChromeDriver: chrome on XP (917356ae24dc6e7a0627e202009f309b)] -> xpath: (//div[contains(text(),'Outcome')]/../../../following-sibling::div/select)[last()]]] -> xpath: .//option[normalize-space(.) = "Reached"]]
2020-04-09 09:03:28,934 [INFO ] trail - Complete log a call scenario
2020-04-09 09:03:45,693 [INFO ] trail - Complete Validation through API
2020-04-09 09:03:45,699 [INFO ] trail - 
###############################Test Case: reached_multipleUsers is passed!####################################

2020-04-09 09:03:51,144 [DEBUG] trail - Navigated to: 'https://test.salesforce.com'
2020-04-09 09:03:55,400 [INFO ] trail - 
###############################Test Case: notReached_multipleUsers is Started!####################################

2020-04-09 09:04:09,398 [DEBUG] trail - Navigated to: 'https://fei--fscfull.lightning.force.com/lightning/r/User/0050R000000XRFmQAO/view'
2020-04-09 09:04:56,204 [INFO ] trail - Logged in as : Field Advisor: Ian Krekelberg
2020-04-09 09:04:57,123 [INFO ] trail - Complete running SalesforceRestAPI.APIConnection()
2020-04-09 09:05:06,591 [INFO ] trail - Complete running SalesforceRestAPI.createRetailRecord()
2020-04-09 09:05:11,662 [INFO ] trail - Complete running SalesforceRestAPI.updateRetailRecord()
2020-04-09 09:05:16,398 [INFO ] trail - Complete running SalesforceRestAPI.updateBrancAccountRelationship();
2020-04-09 09:05:16,399 [INFO ] trail - Complete running SalesforceTestRestAPI.dataCreation_basic()
2020-04-09 09:05:18,323 [DEBUG] trail - Navigated to: 'https://fei--fscfull.lightning.force.com/lightning/r/Account/0010R00000zD0PWQA0/view'
2020-04-09 09:05:23,324 [INFO ] trail - Open up the Account and log a Call
2020-04-09 09:05:35,725 [DEBUG] trail - Clicked on: [[[[ChromeDriver: chrome on XP (1094bb55d4377825901f69690966bc57)] -> xpath: (//div[contains(text(),'Outcome')]/../../../following-sibling::div/select)[last()]]] -> xpath: .//option[normalize-space(.) = "Not Reached"]]
2020-04-09 09:05:44,007 [INFO ] trail - Complete log a call scenario
2020-04-09 09:05:59,632 [INFO ] trail - Complete Validation through API
2020-04-09 09:05:59,634 [INFO ] trail - 
###############################Test Case: notReached_multipleUsers is passed!####################################

2020-04-09 09:06:06,244 [DEBUG] trail - Navigated to: 'https://test.salesforce.com'
2020-04-09 09:06:28,783 [INFO ] trail - 
###############################Test Case: UnplannedMeeting_withOutcome_NoShow_multipleUsers is Started!####################################

2020-04-09 09:06:29,947 [DEBUG] trail - Navigated to: 'https://fei--fscfull.lightning.force.com/lightning/r/User/0050R000000XRFmQAO/view'
2020-04-09 09:07:00,977 [INFO ] trail - Logged in as : Field Advisor: Ian Krekelberg
2020-04-09 09:07:01,791 [INFO ] trail - Complete running SalesforceRestAPI.APIConnection()
2020-04-09 09:07:10,528 [INFO ] trail - Complete running SalesforceRestAPI.createRetailRecord()
2020-04-09 09:07:17,902 [INFO ] trail - Complete running SalesforceRestAPI.updateRetailRecord()
2020-04-09 09:07:18,466 [INFO ] trail - Complete running SalesforceRestAPI.updateBrancAccountRelationship();
2020-04-09 09:07:27,338 [INFO ] trail - Complete running SalesforceRestAPI.createBusinessLead()
2020-04-09 09:07:27,338 [INFO ] trail - Complete running SalesforceTestRestAPI.dataCreation_businesslead()
2020-04-09 09:07:28,860 [DEBUG] trail - Navigated to: 'https://fei--fscfull.lightning.force.com/lightning/r/Account/0010R00000zD0PlQAK/view'
2020-04-09 09:07:33,861 [INFO ] trail - Open up the Account and log a Call
2020-04-09 09:07:45,812 [DEBUG] trail - Clicked on: [[[[ChromeDriver: chrome on XP (9a36429959296270c9fd9db74a994704)] -> xpath: (//div[contains(text(),'Outcome')]/../../../following-sibling::div/select)[last()]]] -> xpath: .//option[normalize-space(.) = "Meeting"]]
2020-04-09 09:07:53,914 [DEBUG] trail - Clicked on: [[ChromeDriver: chrome on XP (9a36429959296270c9fd9db74a994704)] -> xpath: (//input[contains (@name ,'Subject')])[last()]]
2020-04-09 09:08:02,815 [DEBUG] trail - Clicked on: [[[[ChromeDriver: chrome on XP (9a36429959296270c9fd9db74a994704)] -> xpath: (//div[contains(text(),'How Did You Meet With Client')]/../../../following-sibling::div/select)[last()]]] -> xpath: .//option[normalize-space(.) = "In-Person Meeting"]]
2020-04-09 09:08:03,006 [DEBUG] trail - Clicked on: [[[[ChromeDriver: chrome on XP (9a36429959296270c9fd9db74a994704)] -> xpath: (//div[contains(text(),'Select Meeting Outcome')]/../../../following-sibling::div/select)[last()]]] -> xpath: .//option[normalize-space(.) = "No-Show"]]
2020-04-09 09:08:06,263 [INFO ] trail - Complete log a call scenario
2020-04-09 09:08:21,941 [INFO ] trail - Complete Validation through API
2020-04-09 09:08:21,945 [INFO ] trail - 
###############################Test Case: UnplannedMeeting_withOutcome_NoShow_multipleUsers is passed!####################################

2020-04-09 09:08:28,698 [DEBUG] trail - Navigated to: 'https://test.salesforce.com'
2020-04-09 09:08:32,850 [INFO ] trail - 
###############################Test Case: UnplannedMeeting_withOutcome_Cancelled_multipleUsers is Started!####################################

2020-04-09 09:08:47,968 [DEBUG] trail - Navigated to: 'https://fei--fscfull.lightning.force.com/lightning/r/User/0050R000000XRFmQAO/view'
2020-04-09 09:09:20,624 [INFO ] trail - Logged in as : Field Advisor: Ian Krekelberg
2020-04-09 09:09:21,467 [INFO ] trail - Complete running SalesforceRestAPI.APIConnection()
2020-04-09 09:09:27,944 [INFO ] trail - Complete running SalesforceRestAPI.createRetailRecord()
2020-04-09 09:09:32,921 [INFO ] trail - Complete running SalesforceRestAPI.updateRetailRecord()
2020-04-09 09:09:36,316 [INFO ] trail - Complete running SalesforceRestAPI.updateBrancAccountRelationship();
2020-04-09 09:09:37,797 [INFO ] trail - Complete running SalesforceRestAPI.createBusinessLead()
2020-04-09 09:09:37,797 [INFO ] trail - Complete running SalesforceTestRestAPI.dataCreation_businesslead()
2020-04-09 09:09:38,864 [DEBUG] trail - Navigated to: 'https://fei--fscfull.lightning.force.com/lightning/r/Account/0010R00000zD0PvQAK/view'
2020-04-09 09:09:43,865 [INFO ] trail - Open up the Account and log a Call
2020-04-09 09:09:56,613 [DEBUG] trail - Clicked on: [[[[ChromeDriver: chrome on XP (d158c67ecece3c498a158b387a02445d)] -> xpath: (//div[contains(text(),'Outcome')]/../../../following-sibling::div/select)[last()]]] -> xpath: .//option[normalize-space(.) = "Meeting"]]
2020-04-09 09:10:04,644 [DEBUG] trail - Clicked on: [[ChromeDriver: chrome on XP (d158c67ecece3c498a158b387a02445d)] -> xpath: (//input[contains (@name ,'Subject')])[last()]]
2020-04-09 09:10:10,154 [DEBUG] trail - Clicked on: [[[[ChromeDriver: chrome on XP (d158c67ecece3c498a158b387a02445d)] -> xpath: (//div[contains(text(),'How Did You Meet With Client')]/../../../following-sibling::div/select)[last()]]] -> xpath: .//option[normalize-space(.) = "In-Person Meeting"]]
2020-04-09 09:10:10,338 [DEBUG] trail - Clicked on: [[[[ChromeDriver: chrome on XP (d158c67ecece3c498a158b387a02445d)] -> xpath: (//div[contains(text(),'Select Meeting Outcome')]/../../../following-sibling::div/select)[last()]]] -> xpath: .//option[normalize-space(.) = "Cancelled"]]
2020-04-09 09:10:13,415 [INFO ] trail - Complete log a call scenario
2020-04-09 09:10:29,019 [INFO ] trail - Complete Validation through API
2020-04-09 09:10:29,020 [INFO ] trail - 
###############################Test Case: UnplannedMeeting_withOutcome_Cancelled_multipleUsers is passed!####################################

2020-04-09 09:10:35,285 [DEBUG] trail - Navigated to: 'https://test.salesforce.com'
2020-04-09 09:10:40,603 [INFO ] trail - 
###############################Test Case: UnplannedMeeting_withOutcome_Completed_multipleUsers is Started!####################################

2020-04-09 09:10:56,190 [DEBUG] trail - Navigated to: 'https://fei--fscfull.lightning.force.com/lightning/r/User/0050R000000XRFmQAO/view'
2020-04-09 09:11:28,561 [INFO ] trail - Logged in as : Field Advisor: Ian Krekelberg
2020-04-09 09:11:30,490 [INFO ] trail - Complete running SalesforceRestAPI.APIConnection()
2020-04-09 09:11:37,364 [INFO ] trail - Complete running SalesforceRestAPI.createRetailRecord()
2020-04-09 09:11:42,394 [INFO ] trail - Complete running SalesforceRestAPI.updateRetailRecord()
2020-04-09 09:11:45,789 [INFO ] trail - Complete running SalesforceRestAPI.updateBrancAccountRelationship();
2020-04-09 09:11:48,511 [INFO ] trail - Complete running SalesforceRestAPI.createBusinessLead()
2020-04-09 09:11:48,511 [INFO ] trail - Complete running SalesforceTestRestAPI.dataCreation_businesslead()
2020-04-09 09:11:49,405 [DEBUG] trail - Navigated to: 'https://fei--fscfull.lightning.force.com/lightning/r/Account/0010R00000zD0Q0QAK/view'
2020-04-09 09:11:54,406 [INFO ] trail - Open up the Account and log a Call
2020-04-09 09:12:06,344 [DEBUG] trail - Clicked on: [[[[ChromeDriver: chrome on XP (bb7bcd8dfb8837ddb6e6a94ab949c6f8)] -> xpath: (//div[contains(text(),'Outcome')]/../../../following-sibling::div/select)[last()]]] -> xpath: .//option[normalize-space(.) = "Meeting"]]
2020-04-09 09:12:14,330 [DEBUG] trail - Clicked on: [[ChromeDriver: chrome on XP (bb7bcd8dfb8837ddb6e6a94ab949c6f8)] -> xpath: (//input[contains (@name ,'Subject')])[last()]]
2020-04-09 09:12:19,470 [DEBUG] trail - Clicked on: [[[[ChromeDriver: chrome on XP (bb7bcd8dfb8837ddb6e6a94ab949c6f8)] -> xpath: (//div[contains(text(),'How Did You Meet With Client')]/../../../following-sibling::div/select)[last()]]] -> xpath: .//option[normalize-space(.) = "In-Person Meeting"]]
2020-04-09 09:12:19,642 [DEBUG] trail - Clicked on: [[[[ChromeDriver: chrome on XP (bb7bcd8dfb8837ddb6e6a94ab949c6f8)] -> xpath: (//div[contains(text(),'Select Meeting Outcome')]/../../../following-sibling::div/select)[last()]]] -> xpath: .//option[normalize-space(.) = "Completed"]]
2020-04-09 09:12:22,716 [INFO ] trail - Complete log a call scenario
2020-04-09 09:12:39,513 [INFO ] trail - Complete Validation through API
2020-04-09 09:12:39,514 [INFO ] trail - 
###############################Test Case: UnplannedMeeting_withOutcome_Completed_multipleUsers is passed!####################################

2020-04-09 09:12:46,418 [DEBUG] trail - Navigated to: 'https://test.salesforce.com'
2020-04-09 09:12:51,736 [INFO ] trail - 
###############################Test Case: UnplannedMeeting_withMeeting_OnPhone_multipleUsers is Started!####################################

2020-04-09 09:13:04,385 [DEBUG] trail - Navigated to: 'https://fei--fscfull.lightning.force.com/lightning/r/User/0050R000000XRFmQAO/view'
2020-04-09 09:13:29,999 [INFO ] trail - Logged in as : Field Advisor: Ian Krekelberg
2020-04-09 09:13:30,802 [INFO ] trail - Complete running SalesforceRestAPI.APIConnection()
2020-04-09 09:13:37,827 [INFO ] trail - Complete running SalesforceRestAPI.createRetailRecord()
2020-04-09 09:13:44,272 [INFO ] trail - Complete running SalesforceRestAPI.updateRetailRecord()
2020-04-09 09:13:46,328 [INFO ] trail - Complete running SalesforceRestAPI.updateBrancAccountRelationship();
2020-04-09 09:13:49,260 [INFO ] trail - Complete running SalesforceRestAPI.createBusinessLead()
2020-04-09 09:13:49,260 [INFO ] trail - Complete running SalesforceTestRestAPI.dataCreation_businesslead()
2020-04-09 09:13:50,170 [DEBUG] trail - Navigated to: 'https://fei--fscfull.lightning.force.com/lightning/r/Account/0010R00000zD0QAQA0/view'
2020-04-09 09:13:55,170 [INFO ] trail - Open up the Account and log a Call
2020-04-09 09:14:06,102 [DEBUG] trail - Clicked on: [[[[ChromeDriver: chrome on XP (cd3fa3f343bdf221fbda97098655650b)] -> xpath: (//div[contains(text(),'Outcome')]/../../../following-sibling::div/select)[last()]]] -> xpath: .//option[normalize-space(.) = "Meeting"]]
2020-04-09 09:14:13,948 [DEBUG] trail - Clicked on: [[ChromeDriver: chrome on XP (cd3fa3f343bdf221fbda97098655650b)] -> xpath: (//input[contains (@name ,'Subject')])[last()]]
2020-04-09 09:14:18,540 [DEBUG] trail - Clicked on: [[[[ChromeDriver: chrome on XP (cd3fa3f343bdf221fbda97098655650b)] -> xpath: (//div[contains(text(),'How Did You Meet With Client')]/../../../following-sibling::div/select)[last()]]] -> xpath: .//option[normalize-space(.) = "On-Phone Meeting"]]
2020-04-09 09:14:18,709 [DEBUG] trail - Clicked on: [[[[ChromeDriver: chrome on XP (cd3fa3f343bdf221fbda97098655650b)] -> xpath: (//div[contains(text(),'Select Meeting Outcome')]/../../../following-sibling::div/select)[last()]]] -> xpath: .//option[normalize-space(.) = "Completed"]]
2020-04-09 09:14:21,783 [INFO ] trail - Complete log a call scenario
2020-04-09 09:14:37,400 [INFO ] trail - Complete Validation through API
2020-04-09 09:14:37,403 [INFO ] trail - 
###############################Test Case: UnplannedMeeting_withMeeting_OnPhone_multipleUsers is passed!####################################

2020-04-09 09:14:43,664 [DEBUG] trail - Navigated to: 'https://test.salesforce.com'
2020-04-09 09:14:47,715 [INFO ] trail - 
###############################Test Case: UnplannedMeeting_withMeeting_OnSiteEvent_multipleUsers is Started!####################################

2020-04-09 09:15:01,316 [DEBUG] trail - Navigated to: 'https://fei--fscfull.lightning.force.com/lightning/r/User/0050R000000XRFmQAO/view'
2020-04-09 09:15:32,404 [INFO ] trail - Logged in as : Field Advisor: Ian Krekelberg
2020-04-09 09:15:33,256 [INFO ] trail - Complete running SalesforceRestAPI.APIConnection()
2020-04-09 09:15:40,016 [INFO ] trail - Complete running SalesforceRestAPI.createRetailRecord()
2020-04-09 09:15:46,505 [INFO ] trail - Complete running SalesforceRestAPI.updateRetailRecord()
2020-04-09 09:15:48,945 [INFO ] trail - Complete running SalesforceRestAPI.updateBrancAccountRelationship();
2020-04-09 09:15:50,481 [INFO ] trail - Complete running SalesforceRestAPI.createBusinessLead()
2020-04-09 09:15:50,482 [INFO ] trail - Complete running SalesforceTestRestAPI.dataCreation_businesslead()
2020-04-09 09:15:52,079 [DEBUG] trail - Navigated to: 'https://fei--fscfull.lightning.force.com/lightning/r/Account/0010R00000zD0QKQA0/view'
2020-04-09 09:15:57,080 [INFO ] trail - Open up the Account and log a Call
2020-04-09 09:16:10,254 [DEBUG] trail - Clicked on: [[[[ChromeDriver: chrome on XP (f4a42b9d9837474db3949140c412becf)] -> xpath: (//div[contains(text(),'Outcome')]/../../../following-sibling::div/select)[last()]]] -> xpath: .//option[normalize-space(.) = "Meeting"]]
2020-04-09 09:16:17,698 [DEBUG] trail - Clicked on: [[ChromeDriver: chrome on XP (f4a42b9d9837474db3949140c412becf)] -> xpath: (//input[contains (@name ,'Subject')])[last()]]
2020-04-09 09:16:22,332 [DEBUG] trail - Clicked on: [[[[ChromeDriver: chrome on XP (f4a42b9d9837474db3949140c412becf)] -> xpath: (//div[contains(text(),'How Did You Meet With Client')]/../../../following-sibling::div/select)[last()]]] -> xpath: .//option[normalize-space(.) = "On-Site Event"]]
2020-04-09 09:16:22,638 [DEBUG] trail - Clicked on: [[[[ChromeDriver: chrome on XP (f4a42b9d9837474db3949140c412becf)] -> xpath: (//div[contains(text(),'Select Meeting Outcome')]/../../../following-sibling::div/select)[last()]]] -> xpath: .//option[normalize-space(.) = "Completed"]]
2020-04-09 09:16:25,705 [INFO ] trail - Complete log a call scenario
2020-04-09 09:16:41,351 [INFO ] trail - Complete Validation through API
2020-04-09 09:16:41,351 [INFO ] trail - 
###############################Test Case: UnplannedMeeting_withMeeting_OnSiteEvent_multipleUsers is passed!####################################

2020-04-09 09:16:46,783 [DEBUG] trail - Navigated to: 'https://test.salesforce.com'
2020-04-09 09:16:52,480 [INFO ] trail - 
###############################Test Case: UnplannedMeeting_withMeeting_VirtualMeeting_multipleUsers is Started!####################################

2020-04-09 09:17:03,405 [DEBUG] trail - Navigated to: 'https://fei--fscfull.lightning.force.com/lightning/r/User/0050R000000XRFmQAO/view'
2020-04-09 09:17:36,986 [INFO ] trail - Logged in as : Field Advisor: Ian Krekelberg
2020-04-09 09:17:37,794 [INFO ] trail - Complete running SalesforceRestAPI.APIConnection()
2020-04-09 09:17:44,690 [INFO ] trail - Complete running SalesforceRestAPI.createRetailRecord()
2020-04-09 09:17:51,074 [INFO ] trail - Complete running SalesforceRestAPI.updateRetailRecord()
2020-04-09 09:17:52,964 [INFO ] trail - Complete running SalesforceRestAPI.updateBrancAccountRelationship();
2020-04-09 09:17:54,478 [INFO ] trail - Complete running SalesforceRestAPI.createBusinessLead()
2020-04-09 09:17:54,478 [INFO ] trail - Complete running SalesforceTestRestAPI.dataCreation_businesslead()
2020-04-09 09:17:55,380 [DEBUG] trail - Navigated to: 'https://fei--fscfull.lightning.force.com/lightning/r/Account/0010R00000zD0QZQA0/view'
2020-04-09 09:18:00,382 [INFO ] trail - Open up the Account and log a Call
2020-04-09 09:18:12,950 [DEBUG] trail - Clicked on: [[[[ChromeDriver: chrome on XP (ec7dd057f6fd32fa3069e9e4013e4b6c)] -> xpath: (//div[contains(text(),'Outcome')]/../../../following-sibling::div/select)[last()]]] -> xpath: .//option[normalize-space(.) = "Meeting"]]
2020-04-09 09:18:20,990 [DEBUG] trail - Clicked on: [[ChromeDriver: chrome on XP (ec7dd057f6fd32fa3069e9e4013e4b6c)] -> xpath: (//input[contains (@name ,'Subject')])[last()]]
2020-04-09 09:18:25,535 [DEBUG] trail - Clicked on: [[[[ChromeDriver: chrome on XP (ec7dd057f6fd32fa3069e9e4013e4b6c)] -> xpath: (//div[contains(text(),'How Did You Meet With Client')]/../../../following-sibling::div/select)[last()]]] -> xpath: .//option[normalize-space(.) = "Virtual Meeting"]]
2020-04-09 09:18:25,705 [DEBUG] trail - Clicked on: [[[[ChromeDriver: chrome on XP (ec7dd057f6fd32fa3069e9e4013e4b6c)] -> xpath: (//div[contains(text(),'Select Meeting Outcome')]/../../../following-sibling::div/select)[last()]]] -> xpath: .//option[normalize-space(.) = "Completed"]]
2020-04-09 09:18:28,775 [INFO ] trail - Complete log a call scenario
2020-04-09 09:18:44,383 [INFO ] trail - Complete Validation through API
2020-04-09 09:18:44,386 [INFO ] trail - 
###############################Test Case: UnplannedMeeting_withMeeting_VirtualMeeting_multipleUsers is passed!####################################

2020-04-09 09:18:51,109 [DEBUG] trail - Navigated to: 'https://test.salesforce.com'
2020-04-09 09:18:56,456 [INFO ] trail - 
###############################Test Case: reached_Schedule_ToDo is Started!####################################

2020-04-09 09:19:05,901 [DEBUG] trail - Navigated to: 'https://fei--fscfull.lightning.force.com/lightning/r/User/0050R000000XRFmQAO/view'
2020-04-09 09:19:37,222 [INFO ] trail - Logged in as : Field Advisor: Ian Krekelberg
2020-04-09 09:19:38,066 [INFO ] trail - Complete running SalesforceRestAPI.APIConnection()
2020-04-09 09:19:45,194 [INFO ] trail - Complete running SalesforceRestAPI.createRetailRecord()
2020-04-09 09:19:49,904 [INFO ] trail - Complete running SalesforceRestAPI.updateRetailRecord()
2020-04-09 09:19:53,113 [INFO ] trail - Complete running SalesforceRestAPI.updateBrancAccountRelationship();
2020-04-09 09:19:53,114 [INFO ] trail - Complete running SalesforceTestRestAPI.APIConnection()
2020-04-09 09:19:54,445 [DEBUG] trail - Navigated to: 'https://fei--fscfull.lightning.force.com/lightning/r/Account/0010R00000zD0QeQAK/view'
2020-04-09 09:19:59,447 [INFO ] trail - Open up the Account and log a Call
2020-04-09 09:20:13,109 [DEBUG] trail - Clicked on: [[[[ChromeDriver: chrome on XP (7964f815a3c443ea677dcdbd75cb5c6e)] -> xpath: (//div[contains(text(),'Outcome')]/../../../following-sibling::div/select)[last()]]] -> xpath: .//option[normalize-space(.) = "Reached"]]
2020-04-09 09:20:21,377 [INFO ] trail - Complete log a call scenario with future activity
2020-04-09 09:20:31,158 [INFO ] trail - Complete adding Meeting for Future Activity
2020-04-09 09:20:41,793 [INFO ] trail - Complete Task Data Validation through API
2020-04-09 09:20:47,290 [INFO ] trail - Complete Task Schedule Data Validation through API
2020-04-09 09:20:47,291 [INFO ] trail - 
###############################Test Case: reached_Schedule_ToDo is passed!####################################

2020-04-09 09:20:52,824 [DEBUG] trail - Navigated to: 'https://test.salesforce.com'
2020-04-09 09:20:58,301 [INFO ] trail - 
###############################Test Case: reached_Schedule_Phonecall is Started!####################################

2020-04-09 09:21:15,762 [DEBUG] trail - Navigated to: 'https://fei--fscfull.lightning.force.com/lightning/r/User/0050R000000XRFmQAO/view'
2020-04-09 09:21:44,375 [INFO ] trail - Logged in as : Field Advisor: Ian Krekelberg
2020-04-09 09:21:46,146 [INFO ] trail - Complete running SalesforceRestAPI.APIConnection()
2020-04-09 09:21:53,442 [INFO ] trail - Complete running SalesforceRestAPI.createRetailRecord()
2020-04-09 09:21:58,612 [INFO ] trail - Complete running SalesforceRestAPI.updateRetailRecord()
2020-04-09 09:22:02,045 [INFO ] trail - Complete running SalesforceRestAPI.updateBrancAccountRelationship();
2020-04-09 09:22:02,045 [INFO ] trail - Complete running SalesforceTestRestAPI.APIConnection()
2020-04-09 09:22:04,834 [DEBUG] trail - Navigated to: 'https://fei--fscfull.lightning.force.com/lightning/r/Account/0010R00000zD0QyQAK/view'
2020-04-09 09:22:09,836 [INFO ] trail - Open up the Account and log a Call
2020-04-09 09:22:27,369 [DEBUG] trail - Clicked on: [[[[ChromeDriver: chrome on XP (7ca0a8a05cb9522d65b3dee130814ce8)] -> xpath: (//div[contains(text(),'Outcome')]/../../../following-sibling::div/select)[last()]]] -> xpath: .//option[normalize-space(.) = "Reached"]]
2020-04-09 09:22:35,648 [INFO ] trail - Complete log a call scenariowith future acitivity
2020-04-09 09:22:41,959 [INFO ] trail - Complete adding Meeting for Future Activity
2020-04-09 09:22:52,552 [INFO ] trail - Complete Task Data Validation through API
2020-04-09 09:22:58,030 [INFO ] trail - Complete Task Schedule Data Validation through API
2020-04-09 09:22:58,030 [INFO ] trail - 
###############################Test Case: reached_Schedule_Phonecall is passed!####################################

2020-04-09 09:23:03,165 [DEBUG] trail - Navigated to: 'https://test.salesforce.com'
2020-04-09 09:23:07,223 [INFO ] trail - 
###############################Test Case: reached_Schedule_Appointment is Started!####################################

2020-04-09 09:23:22,893 [DEBUG] trail - Navigated to: 'https://fei--fscfull.lightning.force.com/lightning/r/User/0050R000000XRFmQAO/view'
2020-04-09 09:24:00,003 [INFO ] trail - Logged in as : Field Advisor: Ian Krekelberg
2020-04-09 09:24:00,752 [INFO ] trail - Complete running SalesforceRestAPI.APIConnection()
2020-04-09 09:24:09,946 [INFO ] trail - Complete running SalesforceRestAPI.createRetailRecord()
2020-04-09 09:24:16,897 [INFO ] trail - Complete running SalesforceRestAPI.updateRetailRecord()
2020-04-09 09:24:18,662 [INFO ] trail - Complete running SalesforceRestAPI.updateBrancAccountRelationship();
2020-04-09 09:24:18,662 [INFO ] trail - Complete running SalesforceTestRestAPI.APIConnection()
2020-04-09 09:24:19,461 [DEBUG] trail - Navigated to: 'https://fei--fscfull.lightning.force.com/lightning/r/Account/0010R00000zD0RDQA0/view'
2020-04-09 09:24:24,461 [INFO ] trail - Open up the Account and log a Call
2020-04-09 09:24:35,717 [DEBUG] trail - Clicked on: [[[[ChromeDriver: chrome on XP (d128e1e778efc0bbc26a7c4d3d44172c)] -> xpath: (//div[contains(text(),'Outcome')]/../../../following-sibling::div/select)[last()]]] -> xpath: .//option[normalize-space(.) = "Reached"]]
2020-04-09 09:24:43,975 [INFO ] trail - Complete log a call scenariowith future acitivity
2020-04-09 09:24:51,510 [DEBUG] trail - Clicked on: [[[[ChromeDriver: chrome on XP (d128e1e778efc0bbc26a7c4d3d44172c)] -> xpath: //div[contains(text(),'How do you intend to meet with the client?')]/../../../following-sibling::div/select]] -> xpath: .//option[normalize-space(.) = "On-Phone Meeting"]]
2020-04-09 09:24:55,099 [DEBUG] trail - Clicked on: [[ChromeDriver: chrome on XP (d128e1e778efc0bbc26a7c4d3d44172c)] -> xpath: //input[@name='Meeting_Start_Date_And_Time_0' and @type='text' and @class = 'slds-input slds-combobox__input']]
2020-04-09 09:25:03,859 [INFO ] trail - Complete adding Meeting for Future Activity
2020-04-09 09:25:09,461 [INFO ] trail - Complete Meeting Data Validation through API
2020-04-09 09:25:09,461 [INFO ] trail - 
###############################Test Case: reached_Schedule_Appointment is passed!####################################

2020-04-09 09:25:18,550 [DEBUG] trail - Navigated to: 'https://test.salesforce.com'
2020-04-09 09:25:22,507 [INFO ] trail - 
###############################Test Case: notReachedwithBusinessLead is Started!####################################

2020-04-09 09:25:33,910 [DEBUG] trail - Navigated to: 'https://fei--fscfull.lightning.force.com/lightning/r/User/0050R000000XRFmQAO/view'
2020-04-09 09:26:04,393 [INFO ] trail - Logged in as : Field Advisor: Ian Krekelberg
2020-04-09 09:26:07,289 [INFO ] trail - Complete running SalesforceRestAPI.APIConnection()
2020-04-09 09:26:15,388 [INFO ] trail - Complete running SalesforceRestAPI.createRetailRecord()
2020-04-09 09:26:22,574 [INFO ] trail - Complete running SalesforceRestAPI.updateRetailRecord()
2020-04-09 09:26:24,462 [INFO ] trail - Complete running SalesforceRestAPI.updateBrancAccountRelationship();
2020-04-09 09:26:26,073 [INFO ] trail - Complete running SalesforceRestAPI.createBusinessLead()
2020-04-09 09:26:26,073 [INFO ] trail - Complete running SalesforceTestRestAPI.dataCreation_businesslead()
2020-04-09 09:26:27,834 [DEBUG] trail - Navigated to: 'https://fei--fscfull.lightning.force.com/lightning/r/Account/0010R00000zD0RXQA0/view'
2020-04-09 09:26:32,835 [INFO ] trail - Open up the Account and log a Call
2020-04-09 09:26:42,541 [DEBUG] trail - Clicked on: [[[[ChromeDriver: chrome on XP (841ae55487f41acc8a37e790f1d108ab)] -> xpath: (//div[contains(text(),'Outcome')]/../../../following-sibling::div/select)[last()]]] -> xpath: .//option[normalize-space(.) = "Not Reached"]]
2020-04-09 09:26:50,925 [INFO ] trail - Complete log a call scenario
2020-04-09 09:27:07,539 [INFO ] trail - Complete Task Data Validation through API
2020-04-09 09:27:13,060 [INFO ] trail - Complete Lead Data Validation through API
2020-04-09 09:27:13,061 [INFO ] trail - 
###############################Test Case: notReachedwithBusinessLead is passed!####################################

2020-04-09 09:27:20,889 [DEBUG] trail - Navigated to: 'https://test.salesforce.com'
2020-04-09 09:27:24,920 [INFO ] trail - 
###############################Test Case: reachedwithBusinessLead is Started!####################################

2020-04-09 09:27:34,380 [DEBUG] trail - Navigated to: 'https://fei--fscfull.lightning.force.com/lightning/r/User/0050R000000XRFmQAO/view'
2020-04-09 09:28:02,833 [INFO ] trail - Logged in as : Field Advisor: Ian Krekelberg
2020-04-09 09:28:10,859 [INFO ] trail - Complete running SalesforceRestAPI.APIConnection()
2020-04-09 09:28:17,971 [INFO ] trail - Complete running SalesforceRestAPI.createRetailRecord()
2020-04-09 09:28:24,418 [INFO ] trail - Complete running SalesforceRestAPI.updateRetailRecord()
2020-04-09 09:28:26,336 [INFO ] trail - Complete running SalesforceRestAPI.updateBrancAccountRelationship();
2020-04-09 09:28:27,784 [INFO ] trail - Complete running SalesforceRestAPI.createBusinessLead()
2020-04-09 09:28:27,785 [INFO ] trail - Complete running SalesforceTestRestAPI.dataCreation_businesslead()
2020-04-09 09:28:28,485 [DEBUG] trail - Navigated to: 'https://fei--fscfull.lightning.force.com/lightning/r/Account/0010R00000zD0RrQAK/view'
2020-04-09 09:28:33,486 [INFO ] trail - Open up the Account and log a Call
2020-04-09 09:28:46,341 [DEBUG] trail - Clicked on: [[[[ChromeDriver: chrome on XP (96b4b71a0402a5b05abc5dcda8fd5256)] -> xpath: (//div[contains(text(),'Outcome')]/../../../following-sibling::div/select)[last()]]] -> xpath: .//option[normalize-space(.) = "Reached"]]
2020-04-09 09:28:54,595 [INFO ] trail - Complete log a call scenario
2020-04-09 09:29:10,538 [INFO ] trail - Complete Task Data Validation through API
2020-04-09 09:29:16,024 [INFO ] trail - Complete Lead Data Validation through API
2020-04-09 09:29:16,024 [INFO ] trail - 
###############################Test Case: reachedwithBusinessLead is passed!####################################

2020-04-09 09:29:22,781 [DEBUG] trail - Navigated to: 'https://test.salesforce.com'
2020-04-09 09:29:26,723 [INFO ] trail - 
###############################Test Case: reachedwithBusinessLead_SchedulePhoneCall is Started!####################################

2020-04-09 09:29:42,352 [DEBUG] trail - Navigated to: 'https://fei--fscfull.lightning.force.com/lightning/r/User/0050R000000XRFmQAO/view'
2020-04-09 09:30:09,483 [INFO ] trail - Logged in as : Field Advisor: Ian Krekelberg
2020-04-09 09:30:10,207 [INFO ] trail - Complete running SalesforceRestAPI.APIConnection()
2020-04-09 09:30:17,582 [INFO ] trail - Complete running SalesforceRestAPI.createRetailRecord()
2020-04-09 09:30:22,637 [INFO ] trail - Complete running SalesforceRestAPI.updateRetailRecord()
2020-04-09 09:30:25,932 [INFO ] trail - Complete running SalesforceRestAPI.updateBrancAccountRelationship();
2020-04-09 09:30:27,540 [INFO ] trail - Complete running SalesforceRestAPI.createBusinessLead()
2020-04-09 09:30:27,541 [INFO ] trail - Complete running SalesforceTestRestAPI.dataCreation_businesslead()
2020-04-09 09:30:28,415 [DEBUG] trail - Navigated to: 'https://fei--fscfull.lightning.force.com/lightning/r/Account/0010R00000zD0S6QAK/view'
2020-04-09 09:30:33,415 [INFO ] trail - Open up the Account and log a Call
2020-04-09 09:30:45,747 [DEBUG] trail - Clicked on: [[[[ChromeDriver: chrome on XP (daeaecc764c34080e5ad6b04344ba285)] -> xpath: (//div[contains(text(),'Outcome')]/../../../following-sibling::div/select)[last()]]] -> xpath: .//option[normalize-space(.) = "Reached"]]
2020-04-09 09:30:53,997 [INFO ] trail - Complete log a call scenario with future activity
2020-04-09 09:31:09,318 [INFO ] trail - Complete adding Meeting for Future Activity
2020-04-09 09:31:19,942 [INFO ] trail - Complete Task Data Validation through API
2020-04-09 09:31:26,601 [INFO ] trail - Complete Task Schedule Data Validation through API
2020-04-09 09:31:32,111 [INFO ] trail - Complete Lead Data Validation through API
2020-04-09 09:31:32,111 [INFO ] trail - 
###############################Test Case: reachedwithBusinessLead_SchedulePhoneCall is passed!####################################

2020-04-09 09:31:39,846 [DEBUG] trail - Navigated to: 'https://test.salesforce.com'
2020-04-09 09:31:43,806 [INFO ] trail - 
###############################Test Case: reachedwithBusinessLead_ScheduleTodo is Started!####################################

2020-04-09 09:31:56,573 [DEBUG] trail - Navigated to: 'https://fei--fscfull.lightning.force.com/lightning/r/User/0050R000000XRFmQAO/view'
2020-04-09 09:32:28,966 [INFO ] trail - Logged in as : Field Advisor: Ian Krekelberg
2020-04-09 09:32:29,714 [INFO ] trail - Complete running SalesforceRestAPI.APIConnection()
2020-04-09 09:32:37,943 [INFO ] trail - Complete running SalesforceRestAPI.createRetailRecord()
2020-04-09 09:32:42,946 [INFO ] trail - Complete running SalesforceRestAPI.updateRetailRecord()
2020-04-09 09:32:46,409 [INFO ] trail - Complete running SalesforceRestAPI.updateBrancAccountRelationship();
2020-04-09 09:32:47,960 [INFO ] trail - Complete running SalesforceRestAPI.createBusinessLead()
2020-04-09 09:32:47,960 [INFO ] trail - Complete running SalesforceTestRestAPI.dataCreation_businesslead()
2020-04-09 09:32:51,195 [DEBUG] trail - Navigated to: 'https://fei--fscfull.lightning.force.com/lightning/r/Account/0010R00000zD0TDQA0/view'
2020-04-09 09:32:56,196 [INFO ] trail - Open up the Account and log a Call
2020-04-09 09:33:05,241 [DEBUG] trail - Clicked on: [[[[ChromeDriver: chrome on XP (2fe560d3065ed4ee71801ccc8f05ca5e)] -> xpath: (//div[contains(text(),'Outcome')]/../../../following-sibling::div/select)[last()]]] -> xpath: .//option[normalize-space(.) = "Reached"]]
2020-04-09 09:33:13,515 [INFO ] trail - Complete log a call scenario with future activity
2020-04-09 09:33:30,227 [INFO ] trail - Complete adding Meeting for Future Activity
2020-04-09 09:33:40,880 [INFO ] trail - Complete Task Data Validation through API
2020-04-09 09:33:46,380 [INFO ] trail - Complete Task Schedule Data Validation through API
2020-04-09 09:33:52,060 [INFO ] trail - Complete Lead Data Validation through API
2020-04-09 09:33:52,061 [INFO ] trail - 
###############################Test Case: reachedwithBusinessLead_ScheduleTodo is passed!####################################

2020-04-09 09:33:57,402 [DEBUG] trail - Navigated to: 'https://test.salesforce.com'
2020-04-09 09:34:01,516 [INFO ] trail - 
###############################Test Case: reachedwithBusinessLead_ScheduleMeeting is Started!####################################

2020-04-09 09:34:14,660 [DEBUG] trail - Navigated to: 'https://fei--fscfull.lightning.force.com/lightning/r/User/0050R000000XRFmQAO/view'
2020-04-09 09:34:40,985 [INFO ] trail - Logged in as : Field Advisor: Ian Krekelberg
2020-04-09 09:34:41,858 [INFO ] trail - Complete running SalesforceRestAPI.APIConnection()
2020-04-09 09:34:48,848 [INFO ] trail - Complete running SalesforceRestAPI.createRetailRecord()
2020-04-09 09:34:53,703 [INFO ] trail - Complete running SalesforceRestAPI.updateRetailRecord()
2020-04-09 09:34:56,713 [INFO ] trail - Complete running SalesforceRestAPI.updateBrancAccountRelationship();
2020-04-09 09:34:58,269 [INFO ] trail - Complete running SalesforceRestAPI.createBusinessLead()
2020-04-09 09:34:58,269 [INFO ] trail - Complete running SalesforceTestRestAPI.dataCreation_businesslead()
2020-04-09 09:34:59,085 [DEBUG] trail - Navigated to: 'https://fei--fscfull.lightning.force.com/lightning/r/Account/0010R00000zD0TIQA0/view'
2020-04-09 09:35:04,086 [INFO ] trail - Open up the Account and log a Call
2020-04-09 09:35:15,546 [DEBUG] trail - Clicked on: [[[[ChromeDriver: chrome on XP (6ae5bd1f939d1745f3e529337b29da5d)] -> xpath: (//div[contains(text(),'Outcome')]/../../../following-sibling::div/select)[last()]]] -> xpath: .//option[normalize-space(.) = "Reached"]]
2020-04-09 09:35:23,888 [INFO ] trail - Complete log a call scenario with future activity
2020-04-09 09:35:40,884 [DEBUG] trail - Clicked on: [[[[ChromeDriver: chrome on XP (6ae5bd1f939d1745f3e529337b29da5d)] -> xpath: //div[contains(text(),'How do you intend to meet with the client?')]/../../../following-sibling::div/select]] -> xpath: .//option[normalize-space(.) = "On-Phone Meeting"]]
2020-04-09 09:35:44,476 [DEBUG] trail - Clicked on: [[ChromeDriver: chrome on XP (6ae5bd1f939d1745f3e529337b29da5d)] -> xpath: //input[@name='Meeting_Start_Date_And_Time_0' and @type='text' and @class = 'slds-input slds-combobox__input']]
2020-04-09 09:35:54,273 [INFO ] trail - Complete adding Meeting for Future Activity
2020-04-09 09:35:59,897 [INFO ] trail - Complete Meeting Data Validation through API
2020-04-09 09:36:07,742 [INFO ] trail - Complete Lead Data Validation through API
2020-04-09 09:36:07,744 [INFO ] trail - 
###############################Test Case: reachedwithBusinessLead_ScheduleMeeting is passed!####################################

2020-04-09 09:36:14,651 [DEBUG] trail - Navigated to: 'https://test.salesforce.com'
2020-04-09 09:36:19,240 [INFO ] trail - 
###############################Test Case: UnplannedMeetingWithExistingMeeting is Started!####################################

2020-04-09 09:36:31,178 [DEBUG] trail - Navigated to: 'https://fei--fscfull.lightning.force.com/lightning/r/User/0050R000000XRFmQAO/view'
2020-04-09 09:37:08,100 [INFO ] trail - Logged in as : Field Advisor: Ian Krekelberg
2020-04-09 09:37:08,970 [INFO ] trail - Complete running SalesforceRestAPI.APIConnection()
2020-04-09 09:37:16,227 [INFO ] trail - Complete running SalesforceRestAPI.createRetailRecord()
2020-04-09 09:37:21,023 [INFO ] trail - Complete running SalesforceRestAPI.updateRetailRecord()
2020-04-09 09:37:24,077 [INFO ] trail - Complete running SalesforceRestAPI.updateBrancAccountRelationship();
2020-04-09 09:37:24,077 [INFO ] trail - Complete running SalesforceTestRestAPI.dataCreation_basic()
2020-04-09 09:37:27,232 [DEBUG] trail - Navigated to: 'https://fei--fscfull.lightning.force.com/lightning/r/Account/0010R00000zD0bDQAS/view'
2020-04-09 09:37:32,233 [INFO ] trail - Open up the Account and log a Call
2020-04-09 09:37:44,772 [DEBUG] trail - Clicked on: [[[[ChromeDriver: chrome on XP (8c6fd6d310d03343fcc4f34579db863c)] -> xpath: (//div[contains(text(),'Outcome')]/../../../following-sibling::div/select)[last()]]] -> xpath: .//option[normalize-space(.) = "Reached"]]
2020-04-09 09:37:53,045 [INFO ] trail - Complete log a call scenario
2020-04-09 09:37:58,387 [DEBUG] trail - Clicked on: [[[[ChromeDriver: chrome on XP (8c6fd6d310d03343fcc4f34579db863c)] -> xpath: //div[contains(text(),'How do you intend to meet with the client?')]/../../../following-sibling::div/select]] -> xpath: .//option[normalize-space(.) = "On-Phone Meeting"]]
2020-04-09 09:38:02,076 [DEBUG] trail - Clicked on: [[ChromeDriver: chrome on XP (8c6fd6d310d03343fcc4f34579db863c)] -> xpath: //input[@name='Meeting_Start_Date_And_Time_0' and @type='text' and @class = 'slds-input slds-combobox__input']]
2020-04-09 09:38:10,123 [INFO ] trail - Complete schedule Meeting 
2020-04-09 09:38:15,493 [DEBUG] trail - Clicked on: [[[[ChromeDriver: chrome on XP (8c6fd6d310d03343fcc4f34579db863c)] -> xpath: (//div[contains(text(),'Outcome')]/../../../following-sibling::div/select)[last()]]] -> xpath: .//option[normalize-space(.) = "Meeting"]]
2020-04-09 09:38:25,526 [DEBUG] trail - Clicked on: [[[[ChromeDriver: chrome on XP (8c6fd6d310d03343fcc4f34579db863c)] -> xpath: (//div[contains(text(),'How Did You Meet With Client')]/../../../following-sibling::div/select)[last()]]] -> xpath: .//option[normalize-space(.) = "In-Person Meeting"]]
2020-04-09 09:38:25,707 [DEBUG] trail - Clicked on: [[[[ChromeDriver: chrome on XP (8c6fd6d310d03343fcc4f34579db863c)] -> xpath: (//div[contains(text(),'Select Meeting Outcome')]/../../../following-sibling::div/select)[last()]]] -> xpath: .//option[normalize-space(.) = "Completed"]]
2020-04-09 09:38:31,768 [INFO ] trail - Complete log a call scenario eith Meeting
2020-04-09 09:38:47,376 [INFO ] trail - Complete Meeting Data Validation through API
2020-04-09 09:38:47,376 [INFO ] trail - 
###############################Test Case: UnplannedMeetingWithExistingMeeting is passed!####################################

2020-04-09 09:38:52,808 [DEBUG] trail - Navigated to: 'https://test.salesforce.com'
2020-04-09 09:38:57,965 [INFO ] trail - 
###############################Test Case: meeting_CompleteFlow is Started!####################################

2020-04-09 09:39:10,778 [DEBUG] trail - Navigated to: 'https://fei--fscfull.lightning.force.com/lightning/r/User/0050R0000032jRGQAY/view'
2020-04-09 09:39:23,657 [INFO ] trail - Logged in as : System Administrator for Developers: Imran Sharaf
2020-04-09 09:39:25,729 [INFO ] trail - Complete running SalesforceRestAPI.APIConnection()
2020-04-09 09:39:32,705 [INFO ] trail - Complete running SalesforceRestAPI.createRetailRecord()
2020-04-09 09:39:47,117 [INFO ] trail - Complete running SalesforceRestAPI.updateRetailRecord1()
2020-04-09 09:39:48,859 [INFO ] trail - Complete running SalesforceRestAPI.updateBrancAccountRelationship();
2020-04-09 09:39:48,859 [INFO ] trail - Complete running SalesforceTestRestAPI.dataCreation1()
2020-04-09 09:39:49,876 [DEBUG] trail - Navigated to: 'https://fei--fscfull.lightning.force.com/lightning/r/Account/0010R00000zD0bIQAS/view'
2020-04-09 09:39:54,877 [INFO ] trail - Open up the Account and log a Call
2020-04-09 09:40:07,466 [DEBUG] trail - Clicked on: [[[[ChromeDriver: chrome on XP (39545cefef5eab73fc94dc538338e493)] -> xpath: (//div[contains(text(),'Outcome')]/../../../following-sibling::div/select)[last()]]] -> xpath: .//option[normalize-space(.) = "Meeting"]]
2020-04-09 09:40:14,301 [DEBUG] trail - Clicked on: [[ChromeDriver: chrome on XP (39545cefef5eab73fc94dc538338e493)] -> xpath: (//input[contains (@name ,'Subject')])[last()]]
2020-04-09 09:40:18,718 [DEBUG] trail - Clicked on: [[[[ChromeDriver: chrome on XP (39545cefef5eab73fc94dc538338e493)] -> xpath: (//div[contains(text(),'How Did You Meet With Client')]/../../../following-sibling::div/select)[last()]]] -> xpath: .//option[normalize-space(.) = "In-Person Meeting"]]
2020-04-09 09:40:19,043 [DEBUG] trail - Clicked on: [[[[ChromeDriver: chrome on XP (39545cefef5eab73fc94dc538338e493)] -> xpath: (//div[contains(text(),'Select Meeting Outcome')]/../../../following-sibling::div/select)[last()]]] -> xpath: .//option[normalize-space(.) = "Completed"]]
2020-04-09 09:40:22,103 [INFO ] trail - Complete log a call scenario
2020-04-09 09:40:24,035 [DEBUG] trail - Clicked on: [[[[ChromeDriver: chrome on XP (39545cefef5eab73fc94dc538338e493)] -> xpath: //option[@value='Green']/../../select]] -> xpath: .//option[normalize-space(.) = "Green"]]
2020-04-09 09:40:24,135 [DEBUG] trail - Clicked on: [[[[ChromeDriver: chrome on XP (39545cefef5eab73fc94dc538338e493)] -> xpath: //option[@value='Green']/../../select]] -> xpath: .//option[normalize-space(.) = "Green"]]
2020-04-09 09:40:24,233 [DEBUG] trail - Clicked on: [[[[ChromeDriver: chrome on XP (39545cefef5eab73fc94dc538338e493)] -> xpath: //option[@value='Green']/../../select]] -> xpath: .//option[normalize-space(.) = "Green"]]
2020-04-09 09:40:24,326 [DEBUG] trail - Clicked on: [[[[ChromeDriver: chrome on XP (39545cefef5eab73fc94dc538338e493)] -> xpath: //option[@value='Green']/../../select]] -> xpath: .//option[normalize-space(.) = "Green"]]
2020-04-09 09:40:24,418 [DEBUG] trail - Clicked on: [[[[ChromeDriver: chrome on XP (39545cefef5eab73fc94dc538338e493)] -> xpath: //option[@value='Green']/../../select]] -> xpath: .//option[normalize-space(.) = "Green"]]
2020-04-09 09:40:24,512 [DEBUG] trail - Clicked on: [[[[ChromeDriver: chrome on XP (39545cefef5eab73fc94dc538338e493)] -> xpath: //option[@value='Green']/../../select]] -> xpath: .//option[normalize-space(.) = "Green"]]
2020-04-09 09:40:24,606 [DEBUG] trail - Clicked on: [[[[ChromeDriver: chrome on XP (39545cefef5eab73fc94dc538338e493)] -> xpath: //option[@value='Green']/../../select]] -> xpath: .//option[normalize-space(.) = "Green"]]
2020-04-09 09:40:24,697 [DEBUG] trail - Clicked on: [[[[ChromeDriver: chrome on XP (39545cefef5eab73fc94dc538338e493)] -> xpath: //option[@value='Green']/../../select]] -> xpath: .//option[normalize-space(.) = "Green"]]
2020-04-09 09:40:24,788 [DEBUG] trail - Clicked on: [[[[ChromeDriver: chrome on XP (39545cefef5eab73fc94dc538338e493)] -> xpath: //option[@value='Green']/../../select]] -> xpath: .//option[normalize-space(.) = "Green"]]
2020-04-09 09:40:24,889 [DEBUG] trail - Clicked on: [[[[ChromeDriver: chrome on XP (39545cefef5eab73fc94dc538338e493)] -> xpath: //option[@value='Green']/../../select]] -> xpath: .//option[normalize-space(.) = "Green"]]
2020-04-09 09:40:24,983 [DEBUG] trail - Clicked on: [[[[ChromeDriver: chrome on XP (39545cefef5eab73fc94dc538338e493)] -> xpath: //option[@value='Green']/../../select]] -> xpath: .//option[normalize-space(.) = "Green"]]
2020-04-09 09:40:25,078 [DEBUG] trail - Clicked on: [[[[ChromeDriver: chrome on XP (39545cefef5eab73fc94dc538338e493)] -> xpath: //option[@value='Green']/../../select]] -> xpath: .//option[normalize-space(.) = "Green"]]
2020-04-09 09:40:25,169 [DEBUG] trail - Clicked on: [[[[ChromeDriver: chrome on XP (39545cefef5eab73fc94dc538338e493)] -> xpath: //option[@value='Green']/../../select]] -> xpath: .//option[normalize-space(.) = "Green"]]
2020-04-09 09:40:25,226 [INFO ] trail - Complete Meeting Flow
2020-04-09 09:40:30,775 [INFO ] trail - Complete Meeting Data Validation through API
2020-04-09 09:40:30,776 [INFO ] trail - 
###############################Test Case: meeting_CompleteFlow is passed!####################################

2020-04-09 09:40:40,386 [DEBUG] trail - Navigated to: 'https://test.salesforce.com'
2020-04-09 09:40:44,598 [INFO ] trail - 
###############################Test Case: AddSpouseandLogaCallPrimary is Started!####################################

2020-04-09 09:40:55,172 [DEBUG] trail - Navigated to: 'https://fei--fscfull.lightning.force.com/lightning/r/User/0050R000000XRFmQAO/view'
2020-04-09 09:41:27,208 [INFO ] trail - Logged in as : Field Advisor: Ian Krekelberg
2020-04-09 09:41:28,058 [INFO ] trail - Complete running SalesforceRestAPI.APIConnection()
2020-04-09 09:41:35,521 [INFO ] trail - Complete running SalesforceRestAPI.createRetailRecord()
2020-04-09 09:41:40,107 [INFO ] trail - Complete running SalesforceRestAPI.updateRetailRecord()
2020-04-09 09:41:43,435 [INFO ] trail - Complete running SalesforceRestAPI.updateBrancAccountRelationship();
2020-04-09 09:41:43,435 [INFO ] trail - Complete running SalesforceTestRestAPI.APIConnection()
2020-04-09 09:41:45,551 [DEBUG] trail - Navigated to: 'https://fei--fscfull.lightning.force.com/lightning/r/Account/0010R00000zD0bhQAC/view'
2020-04-09 09:41:50,552 [INFO ] trail - Open up the Account and add Spouse Account
2020-04-09 09:44:39,828 [FATAL] trail - Exception occured: org.openqa.selenium.NoSuchElementException: no such element: Unable to locate element: {"method":"xpath","selector":"//div[contains(@class, 'modal-body')]//input[contains(@name,'Partner_Spouse_First_Name')]"}
  (Session info: chrome=79.0.3945.130)
For documentation on this error, please visit: http://seleniumhq.org/exceptions/no_such_element.html
Build info: version: '3.5.3', revision: 'a88d25fe6b', time: '2017-08-29T12:42:44.417Z'
System info: host: 'PHX-ISHARAF', ip: '192.168.125.204', os.name: 'Windows 10', os.arch: 'amd64', os.version: '10.0', java.version: '1.8.0_221'
Driver info: org.openqa.selenium.chrome.ChromeDriver
Capabilities [{networkConnectionEnabled=false, chrome={chromedriverVersion=79.0.3945.16 (93fcc21110c10dbbd49bbff8f472335360e31d05-refs/branch-heads/3945@{#262}), userDataDir=C:\Users\ISharaf\AppData\Local\Temp\scoped_dir63376_27201795}, timeouts={implicit=0, pageLoad=300000, script=30000}, pageLoadStrategy=normal, unhandledPromptBehavior=accept, strictFileInteractability=false, platform=XP, proxy=Proxy(), goog:chromeOptions={debuggerAddress=localhost:60567}, acceptInsecureCerts=false, browserVersion=79.0.3945.130, browserName=chrome, javascriptEnabled=true, platformName=XP, setWindowRect=true}]
Session ID: d91c6e58122db7994d745fa590c37f49
*** Element info: {Using=xpath, value=//div[contains(@class, 'modal-body')]//input[contains(@name,'Partner_Spouse_First_Name')]}
2020-04-09 09:47:10,428 [FATAL] trail - Exception occured: org.openqa.selenium.NoSuchElementException: no such element: Unable to locate element: {"method":"xpath","selector":"//div[contains(@class, 'modal-body')]//input[contains(@name,'Partner_Spouse_First_Name')]"}
  (Session info: chrome=79.0.3945.130)
For documentation on this error, please visit: http://seleniumhq.org/exceptions/no_such_element.html
Build info: version: '3.5.3', revision: 'a88d25fe6b', time: '2017-08-29T12:42:44.417Z'
System info: host: 'PHX-ISHARAF', ip: '192.168.125.204', os.name: 'Windows 10', os.arch: 'amd64', os.version: '10.0', java.version: '1.8.0_221'
Driver info: org.openqa.selenium.chrome.ChromeDriver
Capabilities [{networkConnectionEnabled=false, chrome={chromedriverVersion=79.0.3945.16 (93fcc21110c10dbbd49bbff8f472335360e31d05-refs/branch-heads/3945@{#262}), userDataDir=C:\Users\ISharaf\AppData\Local\Temp\scoped_dir63376_27201795}, timeouts={implicit=0, pageLoad=300000, script=30000}, pageLoadStrategy=normal, unhandledPromptBehavior=accept, strictFileInteractability=false, platform=XP, proxy=Proxy(), goog:chromeOptions={debuggerAddress=localhost:60567}, acceptInsecureCerts=false, browserVersion=79.0.3945.130, browserName=chrome, javascriptEnabled=true, platformName=XP, setWindowRect=true}]
Session ID: d91c6e58122db7994d745fa590c37f49
*** Element info: {Using=xpath, value=//div[contains(@class, 'modal-body')]//input[contains(@name,'Partner_Spouse_First_Name')]}
2020-04-09 09:47:10,793 [INFO ] trail - AddSpouseandLogaCallPrimary skipped!
2020-04-09 09:47:15,912 [DEBUG] trail - Navigated to: 'https://test.salesforce.com'
2020-04-09 09:47:20,199 [INFO ] trail - 
###############################Test Case: AddSpouseandLogaCallPrimary is Started!####################################

2020-04-09 09:47:31,017 [DEBUG] trail - Navigated to: 'https://fei--fscfull.lightning.force.com/lightning/r/User/0050R000000XRFmQAO/view'
2020-04-09 09:48:04,704 [INFO ] trail - Logged in as : Field Advisor: Ian Krekelberg
2020-04-09 09:48:05,506 [INFO ] trail - Complete running SalesforceRestAPI.APIConnection()
2020-04-09 09:48:13,970 [INFO ] trail - Complete running SalesforceRestAPI.createRetailRecord()
2020-04-09 09:48:22,108 [INFO ] trail - Complete running SalesforceRestAPI.updateRetailRecord()
2020-04-09 09:48:22,761 [INFO ] trail - Complete running SalesforceRestAPI.updateBrancAccountRelationship();
2020-04-09 09:48:22,761 [INFO ] trail - Complete running SalesforceTestRestAPI.APIConnection()
2020-04-09 09:48:23,808 [DEBUG] trail - Navigated to: 'https://fei--fscfull.lightning.force.com/lightning/r/Account/0010R00000zD0bmQAC/view'
2020-04-09 09:48:28,808 [INFO ] trail - Open up the Account and add Spouse Account
2020-04-09 09:51:14,406 [FATAL] trail - Exception occured: org.openqa.selenium.NoSuchElementException: no such element: Unable to locate element: {"method":"xpath","selector":"//div[contains(@class, 'modal-body')]//input[contains(@name,'Partner_Spouse_First_Name')]"}
  (Session info: chrome=79.0.3945.130)
For documentation on this error, please visit: http://seleniumhq.org/exceptions/no_such_element.html
Build info: version: '3.5.3', revision: 'a88d25fe6b', time: '2017-08-29T12:42:44.417Z'
System info: host: 'PHX-ISHARAF', ip: '192.168.125.204', os.name: 'Windows 10', os.arch: 'amd64', os.version: '10.0', java.version: '1.8.0_221'
Driver info: org.openqa.selenium.chrome.ChromeDriver
Capabilities [{networkConnectionEnabled=false, chrome={chromedriverVersion=79.0.3945.16 (93fcc21110c10dbbd49bbff8f472335360e31d05-refs/branch-heads/3945@{#262}), userDataDir=C:\Users\ISharaf\AppData\Local\Temp\scoped_dir50780_99587058}, timeouts={implicit=0, pageLoad=300000, script=30000}, pageLoadStrategy=normal, unhandledPromptBehavior=accept, strictFileInteractability=false, platform=XP, proxy=Proxy(), goog:chromeOptions={debuggerAddress=localhost:60991}, acceptInsecureCerts=false, browserVersion=79.0.3945.130, browserName=chrome, javascriptEnabled=true, platformName=XP, setWindowRect=true}]
Session ID: 258e8574fb283cf63ea99e8c0fc84aca
*** Element info: {Using=xpath, value=//div[contains(@class, 'modal-body')]//input[contains(@name,'Partner_Spouse_First_Name')]}
2020-04-09 09:53:44,950 [FATAL] trail - Exception occured: org.openqa.selenium.NoSuchElementException: no such element: Unable to locate element: {"method":"xpath","selector":"//div[contains(@class, 'modal-body')]//input[contains(@name,'Partner_Spouse_First_Name')]"}
  (Session info: chrome=79.0.3945.130)
For documentation on this error, please visit: http://seleniumhq.org/exceptions/no_such_element.html
Build info: version: '3.5.3', revision: 'a88d25fe6b', time: '2017-08-29T12:42:44.417Z'
System info: host: 'PHX-ISHARAF', ip: '192.168.125.204', os.name: 'Windows 10', os.arch: 'amd64', os.version: '10.0', java.version: '1.8.0_221'
Driver info: org.openqa.selenium.chrome.ChromeDriver
Capabilities [{networkConnectionEnabled=false, chrome={chromedriverVersion=79.0.3945.16 (93fcc21110c10dbbd49bbff8f472335360e31d05-refs/branch-heads/3945@{#262}), userDataDir=C:\Users\ISharaf\AppData\Local\Temp\scoped_dir50780_99587058}, timeouts={implicit=0, pageLoad=300000, script=30000}, pageLoadStrategy=normal, unhandledPromptBehavior=accept, strictFileInteractability=false, platform=XP, proxy=Proxy(), goog:chromeOptions={debuggerAddress=localhost:60991}, acceptInsecureCerts=false, browserVersion=79.0.3945.130, browserName=chrome, javascriptEnabled=true, platformName=XP, setWindowRect=true}]
Session ID: 258e8574fb283cf63ea99e8c0fc84aca
*** Element info: {Using=xpath, value=//div[contains(@class, 'modal-body')]//input[contains(@name,'Partner_Spouse_First_Name')]}
2020-04-09 09:53:45,293 [INFO ] trail - 
###############################Test Case: AddSpouseandLogaCallPrimary is failed!####################################

2020-04-09 09:53:50,993 [DEBUG] trail - Navigated to: 'https://test.salesforce.com'
2020-04-09 09:53:55,134 [INFO ] trail - 
###############################Test Case: LogaCallwithSpouse_ValidateAtPrimary is Started!####################################

2020-04-09 09:54:06,838 [DEBUG] trail - Navigated to: 'https://fei--fscfull.lightning.force.com/lightning/r/User/0050R000000XRFmQAO/view'
2020-04-09 09:54:36,632 [INFO ] trail - Logged in as : Field Advisor: Ian Krekelberg
2020-04-09 09:54:38,533 [INFO ] trail - Complete running SalesforceRestAPI.APIConnection()
2020-04-09 09:54:45,292 [INFO ] trail - Complete running SalesforceRestAPI.createRetailRecord()
2020-04-09 09:54:51,387 [INFO ] trail - Complete running SalesforceRestAPI.updateRetailRecord()
2020-04-09 09:54:52,909 [INFO ] trail - Complete running SalesforceRestAPI.updateBrancAccountRelationship();
2020-04-09 09:54:52,909 [INFO ] trail - Complete running SalesforceTestRestAPI.APIConnection()
2020-04-09 09:54:53,801 [DEBUG] trail - Navigated to: 'https://fei--fscfull.lightning.force.com/lightning/r/Account/0010R00000zD0bwQAC/view'
2020-04-09 09:54:58,803 [INFO ] trail - Open up the Account and add Spouse Account
2020-04-09 09:57:39,764 [FATAL] trail - Exception occured: org.openqa.selenium.NoSuchElementException: no such element: Unable to locate element: {"method":"xpath","selector":"//div[contains(@class, 'modal-body')]//input[contains(@name,'Partner_Spouse_First_Name')]"}
  (Session info: chrome=79.0.3945.130)
For documentation on this error, please visit: http://seleniumhq.org/exceptions/no_such_element.html
Build info: version: '3.5.3', revision: 'a88d25fe6b', time: '2017-08-29T12:42:44.417Z'
System info: host: 'PHX-ISHARAF', ip: '192.168.125.204', os.name: 'Windows 10', os.arch: 'amd64', os.version: '10.0', java.version: '1.8.0_221'
Driver info: org.openqa.selenium.chrome.ChromeDriver
Capabilities [{networkConnectionEnabled=false, chrome={chromedriverVersion=79.0.3945.16 (93fcc21110c10dbbd49bbff8f472335360e31d05-refs/branch-heads/3945@{#262}), userDataDir=C:\Users\ISharaf\AppData\Local\Temp\scoped_dir63872_338733990}, timeouts={implicit=0, pageLoad=300000, script=30000}, pageLoadStrategy=normal, unhandledPromptBehavior=accept, strictFileInteractability=false, platform=XP, proxy=Proxy(), goog:chromeOptions={debuggerAddress=localhost:61252}, acceptInsecureCerts=false, browserVersion=79.0.3945.130, browserName=chrome, javascriptEnabled=true, platformName=XP, setWindowRect=true}]
Session ID: 451589aee8087b929853543ba29aa7fb
*** Element info: {Using=xpath, value=//div[contains(@class, 'modal-body')]//input[contains(@name,'Partner_Spouse_First_Name')]}
2020-04-09 10:00:10,321 [FATAL] trail - Exception occured: org.openqa.selenium.NoSuchElementException: no such element: Unable to locate element: {"method":"xpath","selector":"//div[contains(@class, 'modal-body')]//input[contains(@name,'Partner_Spouse_First_Name')]"}
  (Session info: chrome=79.0.3945.130)
For documentation on this error, please visit: http://seleniumhq.org/exceptions/no_such_element.html
Build info: version: '3.5.3', revision: 'a88d25fe6b', time: '2017-08-29T12:42:44.417Z'
System info: host: 'PHX-ISHARAF', ip: '192.168.125.204', os.name: 'Windows 10', os.arch: 'amd64', os.version: '10.0', java.version: '1.8.0_221'
Driver info: org.openqa.selenium.chrome.ChromeDriver
Capabilities [{networkConnectionEnabled=false, chrome={chromedriverVersion=79.0.3945.16 (93fcc21110c10dbbd49bbff8f472335360e31d05-refs/branch-heads/3945@{#262}), userDataDir=C:\Users\ISharaf\AppData\Local\Temp\scoped_dir63872_338733990}, timeouts={implicit=0, pageLoad=300000, script=30000}, pageLoadStrategy=normal, unhandledPromptBehavior=accept, strictFileInteractability=false, platform=XP, proxy=Proxy(), goog:chromeOptions={debuggerAddress=localhost:61252}, acceptInsecureCerts=false, browserVersion=79.0.3945.130, browserName=chrome, javascriptEnabled=true, platformName=XP, setWindowRect=true}]
Session ID: 451589aee8087b929853543ba29aa7fb
*** Element info: {Using=xpath, value=//div[contains(@class, 'modal-body')]//input[contains(@name,'Partner_Spouse_First_Name')]}
2020-04-09 10:00:10,665 [INFO ] trail - LogaCallwithSpouse_ValidateAtPrimary skipped!
2020-04-09 10:00:16,490 [DEBUG] trail - Navigated to: 'https://test.salesforce.com'
2020-04-09 10:00:54,132 [INFO ] trail - 
###############################Test Case: LogaCallwithSpouse_ValidateAtPrimary is Started!####################################

2020-04-09 10:00:55,705 [DEBUG] trail - Navigated to: 'https://fei--fscfull.lightning.force.com/lightning/r/User/0050R000000XRFmQAO/view'
2020-04-09 10:01:27,589 [INFO ] trail - Logged in as : Field Advisor: Ian Krekelberg
2020-04-09 10:01:28,435 [INFO ] trail - Complete running SalesforceRestAPI.APIConnection()
2020-04-09 10:01:37,124 [INFO ] trail - Complete running SalesforceRestAPI.createRetailRecord()
2020-04-09 10:01:41,793 [INFO ] trail - Complete running SalesforceRestAPI.updateRetailRecord()
2020-04-09 10:01:44,980 [INFO ] trail - Complete running SalesforceRestAPI.updateBrancAccountRelationship();
2020-04-09 10:01:44,980 [INFO ] trail - Complete running SalesforceTestRestAPI.APIConnection()
2020-04-09 10:01:45,781 [DEBUG] trail - Navigated to: 'https://fei--fscfull.lightning.force.com/lightning/r/Account/0010R00000zD0cXQAS/view'
2020-04-09 10:01:50,782 [INFO ] trail - Open up the Account and add Spouse Account
2020-04-09 10:02:31,253 [INFO ] trail - Complete adding Spouse Account
2020-04-09 10:02:33,536 [DEBUG] trail - Navigated to: 'https://fei--fscfull.lightning.force.com/lightning/r/Account/0010R00000zD0chQAC/view'
2020-04-09 10:02:33,536 [INFO ] trail - Navigate to Spouse Details
2020-04-09 10:02:47,530 [DEBUG] trail - Clicked on: [[[[ChromeDriver: chrome on XP (b9d10fd03b4356393205c40c84d92234)] -> xpath: (//div[contains(text(),'Outcome')]/../../../following-sibling::div/select)[last()]]] -> xpath: .//option[normalize-space(.) = "Reached"]]
2020-04-09 10:02:55,768 [INFO ] trail - Complete log a call scenario
2020-04-09 10:03:01,181 [DEBUG] trail - Clicked on: [[ChromeDriver: chrome on XP (b9d10fd03b4356393205c40c84d92234)] -> xpath: //*[@class='slds-button__icon slds-button__icon--large']]
2020-04-09 10:03:07,400 [INFO ] trail - Complete validating Communications details
2020-04-09 10:03:23,047 [INFO ] trail - Complete Task Data Validation through API
2020-04-09 10:03:23,047 [INFO ] trail - 
###############################Test Case: LogaCallwithSpouse_ValidateAtPrimary is passed!####################################

2020-04-09 10:03:30,312 [DEBUG] trail - Navigated to: 'https://test.salesforce.com'
2020-04-09 10:03:34,294 [INFO ] trail - 
###############################Test Case: UpdatePrimaryAccountdetails is Started!####################################

2020-04-09 10:03:42,393 [DEBUG] trail - Navigated to: 'https://fei--fscfull.lightning.force.com/lightning/r/User/0050R000000XRFmQAO/view'
2020-04-09 10:04:12,683 [INFO ] trail - Logged in as : Field Advisor: Ian Krekelberg
2020-04-09 10:04:13,489 [INFO ] trail - Complete running SalesforceRestAPI.APIConnection()
2020-04-09 10:04:20,227 [INFO ] trail - Complete running SalesforceRestAPI.createRetailRecord()
2020-04-09 10:04:24,910 [INFO ] trail - Complete running SalesforceRestAPI.updateRetailRecord()
2020-04-09 10:04:28,079 [INFO ] trail - Complete running SalesforceRestAPI.updateBrancAccountRelationship();
2020-04-09 10:04:28,079 [INFO ] trail - Complete running SalesforceTestRestAPI.APIConnection()
2020-04-09 10:04:28,853 [DEBUG] trail - Navigated to: 'https://fei--fscfull.lightning.force.com/lightning/r/Account/0010R00000zD0hEQAS/view'
2020-04-09 10:04:33,854 [INFO ] trail - Open up the Account and update Accuont details
2020-04-09 10:05:20,261 [INFO ] trail - Complete updating Account Details
2020-04-09 10:05:20,532 [INFO ] trail - UpdatePrimaryAccountdetails skipped!
2020-04-09 10:05:27,475 [DEBUG] trail - Navigated to: 'https://test.salesforce.com'
2020-04-09 10:05:31,607 [INFO ] trail - 
###############################Test Case: UpdatePrimaryAccountdetails is Started!####################################

2020-04-09 10:05:42,447 [DEBUG] trail - Navigated to: 'https://fei--fscfull.lightning.force.com/lightning/r/User/0050R000000XRFmQAO/view'
2020-04-09 10:06:08,592 [INFO ] trail - Logged in as : Field Advisor: Ian Krekelberg
2020-04-09 10:06:09,422 [INFO ] trail - Complete running SalesforceRestAPI.APIConnection()
2020-04-09 10:06:16,109 [INFO ] trail - Complete running SalesforceRestAPI.createRetailRecord()
2020-04-09 10:06:21,361 [INFO ] trail - Complete running SalesforceRestAPI.updateRetailRecord()
2020-04-09 10:06:23,234 [INFO ] trail - Complete running SalesforceRestAPI.updateBrancAccountRelationship();
2020-04-09 10:06:23,234 [INFO ] trail - Complete running SalesforceTestRestAPI.APIConnection()
2020-04-09 10:06:23,758 [DEBUG] trail - Navigated to: 'https://fei--fscfull.lightning.force.com/lightning/r/Account/0010R00000zD0hJQAS/view'
2020-04-09 10:06:28,759 [INFO ] trail - Open up the Account and update Accuont details
2020-04-09 10:07:09,583 [INFO ] trail - Complete updating Account Details
2020-04-09 10:07:09,890 [INFO ] trail - Complete validating Account details
2020-04-09 10:07:09,891 [INFO ] trail - 
###############################Test Case: UpdatePrimaryAccountdetails is passed!####################################

2020-04-09 10:07:16,755 [DEBUG] trail - Navigated to: 'https://test.salesforce.com'
2020-04-09 10:07:20,827 [INFO ] trail - 
###############################Test Case: UpdateSpouseAccountdetails is Started!####################################

2020-04-09 10:07:30,188 [DEBUG] trail - Navigated to: 'https://fei--fscfull.lightning.force.com/lightning/r/User/0050R000000XRFmQAO/view'
2020-04-09 10:07:54,894 [INFO ] trail - Logged in as : Field Advisor: Ian Krekelberg
2020-04-09 10:07:55,764 [INFO ] trail - Complete running SalesforceRestAPI.APIConnection()
2020-04-09 10:08:02,515 [INFO ] trail - Complete running SalesforceRestAPI.createRetailRecord()
2020-04-09 10:08:09,295 [INFO ] trail - Complete running SalesforceRestAPI.updateRetailRecord()
2020-04-09 10:08:10,976 [INFO ] trail - Complete running SalesforceRestAPI.updateBrancAccountRelationship();
2020-04-09 10:08:10,976 [INFO ] trail - Complete running SalesforceTestRestAPI.APIConnection()
2020-04-09 10:08:11,768 [DEBUG] trail - Navigated to: 'https://fei--fscfull.lightning.force.com/lightning/r/Account/0010R00000zD0hOQAS/view'
2020-04-09 10:08:16,769 [INFO ] trail - Open up the Account and add Spouse Account
2020-04-09 10:11:03,778 [FATAL] trail - Exception occured: org.openqa.selenium.NoSuchElementException: no such element: Unable to locate element: {"method":"xpath","selector":"//div[contains(@class, 'modal-body')]//input[contains(@name,'Partner_Spouse_First_Name')]"}
  (Session info: chrome=79.0.3945.130)
For documentation on this error, please visit: http://seleniumhq.org/exceptions/no_such_element.html
Build info: version: '3.5.3', revision: 'a88d25fe6b', time: '2017-08-29T12:42:44.417Z'
System info: host: 'PHX-ISHARAF', ip: '192.168.125.204', os.name: 'Windows 10', os.arch: 'amd64', os.version: '10.0', java.version: '1.8.0_221'
Driver info: org.openqa.selenium.chrome.ChromeDriver
Capabilities [{networkConnectionEnabled=false, chrome={chromedriverVersion=79.0.3945.16 (93fcc21110c10dbbd49bbff8f472335360e31d05-refs/branch-heads/3945@{#262}), userDataDir=C:\Users\ISharaf\AppData\Local\Temp\scoped_dir61576_454785356}, timeouts={implicit=0, pageLoad=300000, script=30000}, pageLoadStrategy=normal, unhandledPromptBehavior=accept, strictFileInteractability=false, platform=XP, proxy=Proxy(), goog:chromeOptions={debuggerAddress=localhost:53211}, acceptInsecureCerts=false, browserVersion=79.0.3945.130, browserName=chrome, javascriptEnabled=true, platformName=XP, setWindowRect=true}]
Session ID: 70e1da8c5a62f7f63e2973fd9602247a
*** Element info: {Using=xpath, value=//div[contains(@class, 'modal-body')]//input[contains(@name,'Partner_Spouse_First_Name')]}
2020-04-09 10:13:34,348 [FATAL] trail - Exception occured: org.openqa.selenium.NoSuchElementException: no such element: Unable to locate element: {"method":"xpath","selector":"//div[contains(@class, 'modal-body')]//input[contains(@name,'Partner_Spouse_First_Name')]"}
  (Session info: chrome=79.0.3945.130)
For documentation on this error, please visit: http://seleniumhq.org/exceptions/no_such_element.html
Build info: version: '3.5.3', revision: 'a88d25fe6b', time: '2017-08-29T12:42:44.417Z'
System info: host: 'PHX-ISHARAF', ip: '192.168.125.204', os.name: 'Windows 10', os.arch: 'amd64', os.version: '10.0', java.version: '1.8.0_221'
Driver info: org.openqa.selenium.chrome.ChromeDriver
Capabilities [{networkConnectionEnabled=false, chrome={chromedriverVersion=79.0.3945.16 (93fcc21110c10dbbd49bbff8f472335360e31d05-refs/branch-heads/3945@{#262}), userDataDir=C:\Users\ISharaf\AppData\Local\Temp\scoped_dir61576_454785356}, timeouts={implicit=0, pageLoad=300000, script=30000}, pageLoadStrategy=normal, unhandledPromptBehavior=accept, strictFileInteractability=false, platform=XP, proxy=Proxy(), goog:chromeOptions={debuggerAddress=localhost:53211}, acceptInsecureCerts=false, browserVersion=79.0.3945.130, browserName=chrome, javascriptEnabled=true, platformName=XP, setWindowRect=true}]
Session ID: 70e1da8c5a62f7f63e2973fd9602247a
*** Element info: {Using=xpath, value=//div[contains(@class, 'modal-body')]//input[contains(@name,'Partner_Spouse_First_Name')]}
2020-04-09 10:13:34,701 [INFO ] trail - UpdateSpouseAccountdetails skipped!
2020-04-09 10:13:40,683 [DEBUG] trail - Navigated to: 'https://test.salesforce.com'
2020-04-09 10:13:44,818 [INFO ] trail - 
###############################Test Case: UpdateSpouseAccountdetails is Started!####################################

2020-04-09 10:13:53,112 [DEBUG] trail - Navigated to: 'https://fei--fscfull.lightning.force.com/lightning/r/User/0050R000000XRFmQAO/view'
2020-04-09 10:14:19,497 [INFO ] trail - Logged in as : Field Advisor: Ian Krekelberg
2020-04-09 10:14:20,199 [INFO ] trail - Complete running SalesforceRestAPI.APIConnection()
2020-04-09 10:14:26,731 [INFO ] trail - Complete running SalesforceRestAPI.createRetailRecord()
2020-04-09 10:14:34,637 [INFO ] trail - Complete running SalesforceRestAPI.updateRetailRecord()
2020-04-09 10:14:35,232 [INFO ] trail - Complete running SalesforceRestAPI.updateBrancAccountRelationship();
2020-04-09 10:14:35,232 [INFO ] trail - Complete running SalesforceTestRestAPI.APIConnection()
2020-04-09 10:14:36,753 [DEBUG] trail - Navigated to: 'https://fei--fscfull.lightning.force.com/lightning/r/Account/0010R00000zD0hYQAS/view'
2020-04-09 10:14:41,753 [INFO ] trail - Open up the Account and add Spouse Account
2020-04-09 10:17:24,343 [FATAL] trail - Exception occured: org.openqa.selenium.NoSuchElementException: no such element: Unable to locate element: {"method":"xpath","selector":"//div[contains(@class, 'modal-body')]//input[contains(@name,'Partner_Spouse_First_Name')]"}
  (Session info: chrome=79.0.3945.130)
For documentation on this error, please visit: http://seleniumhq.org/exceptions/no_such_element.html
Build info: version: '3.5.3', revision: 'a88d25fe6b', time: '2017-08-29T12:42:44.417Z'
System info: host: 'PHX-ISHARAF', ip: '192.168.125.204', os.name: 'Windows 10', os.arch: 'amd64', os.version: '10.0', java.version: '1.8.0_221'
Driver info: org.openqa.selenium.chrome.ChromeDriver
Capabilities [{networkConnectionEnabled=false, chrome={chromedriverVersion=79.0.3945.16 (93fcc21110c10dbbd49bbff8f472335360e31d05-refs/branch-heads/3945@{#262}), userDataDir=C:\Users\ISharaf\AppData\Local\Temp\scoped_dir26060_876567212}, timeouts={implicit=0, pageLoad=300000, script=30000}, pageLoadStrategy=normal, unhandledPromptBehavior=accept, strictFileInteractability=false, platform=XP, proxy=Proxy(), goog:chromeOptions={debuggerAddress=localhost:53496}, acceptInsecureCerts=false, browserVersion=79.0.3945.130, browserName=chrome, javascriptEnabled=true, platformName=XP, setWindowRect=true}]
Session ID: 0df8b6564e77ef3683c2a16cff0f9472
*** Element info: {Using=xpath, value=//div[contains(@class, 'modal-body')]//input[contains(@name,'Partner_Spouse_First_Name')]}
2020-04-09 10:19:54,878 [FATAL] trail - Exception occured: org.openqa.selenium.NoSuchElementException: no such element: Unable to locate element: {"method":"xpath","selector":"//div[contains(@class, 'modal-body')]//input[contains(@name,'Partner_Spouse_First_Name')]"}
  (Session info: chrome=79.0.3945.130)
For documentation on this error, please visit: http://seleniumhq.org/exceptions/no_such_element.html
Build info: version: '3.5.3', revision: 'a88d25fe6b', time: '2017-08-29T12:42:44.417Z'
System info: host: 'PHX-ISHARAF', ip: '192.168.125.204', os.name: 'Windows 10', os.arch: 'amd64', os.version: '10.0', java.version: '1.8.0_221'
Driver info: org.openqa.selenium.chrome.ChromeDriver
Capabilities [{networkConnectionEnabled=false, chrome={chromedriverVersion=79.0.3945.16 (93fcc21110c10dbbd49bbff8f472335360e31d05-refs/branch-heads/3945@{#262}), userDataDir=C:\Users\ISharaf\AppData\Local\Temp\scoped_dir26060_876567212}, timeouts={implicit=0, pageLoad=300000, script=30000}, pageLoadStrategy=normal, unhandledPromptBehavior=accept, strictFileInteractability=false, platform=XP, proxy=Proxy(), goog:chromeOptions={debuggerAddress=localhost:53496}, acceptInsecureCerts=false, browserVersion=79.0.3945.130, browserName=chrome, javascriptEnabled=true, platformName=XP, setWindowRect=true}]
Session ID: 0df8b6564e77ef3683c2a16cff0f9472
*** Element info: {Using=xpath, value=//div[contains(@class, 'modal-body')]//input[contains(@name,'Partner_Spouse_First_Name')]}
2020-04-09 10:19:55,229 [INFO ] trail - 
###############################Test Case: UpdateSpouseAccountdetails is failed!####################################

2020-04-09 10:20:02,212 [DEBUG] trail - Navigated to: 'https://test.salesforce.com'
2020-04-09 10:20:06,261 [INFO ] trail - 
###############################Test Case: nolead_Reached_createBranchOpportunity is Started!####################################

2020-04-09 10:20:17,746 [DEBUG] trail - Navigated to: 'https://fei--fscfull.lightning.force.com/lightning/r/User/0050R000000XRFmQAO/view'
2020-04-09 10:20:43,924 [INFO ] trail - Logged in as : Field Advisor: Ian Krekelberg
2020-04-09 10:20:44,809 [INFO ] trail - Complete running SalesforceRestAPI.APIConnection()
2020-04-09 10:20:51,711 [INFO ] trail - Complete running SalesforceRestAPI.createRetailRecord()
2020-04-09 10:20:56,254 [INFO ] trail - Complete running SalesforceRestAPI.updateRetailRecord()
2020-04-09 10:20:59,121 [INFO ] trail - Complete running SalesforceRestAPI.updateBrancAccountRelationship();
2020-04-09 10:20:59,121 [INFO ] trail - Complete running SalesforceTestRestAPI.APIConnection()
2020-04-09 10:21:01,141 [DEBUG] trail - Navigated to: 'https://fei--fscfull.lightning.force.com/lightning/r/Account/0010R00000zD0i7QAC/view'
2020-04-09 10:21:06,142 [INFO ] trail - Open up the Account and log a Call
2020-04-09 10:21:17,695 [DEBUG] trail - Clicked on: [[[[ChromeDriver: chrome on XP (a6435d3b1c4a144f9f6be3bfdd772cdf)] -> xpath: (//div[contains(text(),'Outcome')]/../../../following-sibling::div/select)[last()]]] -> xpath: .//option[normalize-space(.) = "Reached"]]
2020-04-09 10:21:26,109 [INFO ] trail - Complete log a call scenario
2020-04-09 10:21:39,175 [INFO ] trail - Complete creating Branch Optty
2020-04-09 10:21:50,930 [INFO ] trail - Complete Task Data Validation through API
2020-04-09 10:22:01,440 [FATAL] trail - API Validation Failed
2020-04-09 10:22:01,440 [INFO ] trail - Complete creating Branch Optty through API
2020-04-09 10:22:01,441 [INFO ] trail - 
###############################Test Case: nolead_Reached_createBranchOpportunity is passed!####################################

2020-04-09 10:22:09,415 [DEBUG] trail - Navigated to: 'https://test.salesforce.com'
2020-04-09 10:22:13,340 [INFO ] trail - 
###############################Test Case: validateFinancialDataForSponsoredClient is Started!####################################

2020-04-09 10:22:19,948 [DEBUG] trail - Navigated to: 'https://fei--fscfull.lightning.force.com/lightning/r/User/0050R000000XRHYQA4/view'
2020-04-09 10:22:46,975 [INFO ] trail - Logged in as : Outbound2Advisor: Robert Fitzpatrick
2020-04-09 10:22:49,100 [DEBUG] trail - Navigated to: 'https://fei--fscfull.lightning.force.com/lightning/r/Account/0010R00000CSdLHQA1/view'
2020-04-09 10:22:54,102 [INFO ] trail - Navigate to Sponsored Client
2020-04-09 10:25:30,333 [INFO ] trail - Complete validating WorkplaceDetails Screen
2020-04-09 10:25:30,333 [INFO ] trail - 
###############################Test Case: validateFinancialDataForSponsoredClient is passed!####################################

2020-04-09 10:25:37,524 [DEBUG] trail - Navigated to: 'https://test.salesforce.com'
2020-04-09 10:25:41,770 [INFO ] trail - 
###############################Test Case: validateEmail is Started!####################################

2020-04-09 10:25:52,493 [DEBUG] trail - Navigated to: 'https://fei--fscfull.lightning.force.com/lightning/r/User/0050R000000XRFmQAO/view'
2020-04-09 10:26:18,133 [INFO ] trail - Logged in as : Field Advisor: Ian Krekelberg
2020-04-09 10:26:18,999 [INFO ] trail - Complete running SalesforceRestAPI.APIConnection()
2020-04-09 10:26:25,963 [INFO ] trail - Complete running SalesforceRestAPI.createRetailRecord()
2020-04-09 10:26:30,838 [INFO ] trail - Complete running SalesforceRestAPI.updateRetailRecord()
2020-04-09 10:26:33,815 [INFO ] trail - Complete running SalesforceRestAPI.updateBrancAccountRelationship();
2020-04-09 10:26:33,815 [INFO ] trail - Complete running SalesforceTestRestAPI.dataCreation_basic()
2020-04-09 10:26:34,909 [DEBUG] trail - Navigated to: 'https://fei--fscfull.lightning.force.com/lightning/r/Account/0010R00000zD0iMQAS/view'
2020-04-09 10:26:39,910 [INFO ] trail - Open up the Account and validate email
2020-04-09 10:29:15,946 [FATAL] trail - Exception occured: org.openqa.selenium.NoSuchElementException: no such element: Unable to locate element: {"method":"xpath","selector":"//span[contains(text(),'Compose')]"}
  (Session info: chrome=79.0.3945.130)
For documentation on this error, please visit: http://seleniumhq.org/exceptions/no_such_element.html
Build info: version: '3.5.3', revision: 'a88d25fe6b', time: '2017-08-29T12:42:44.417Z'
System info: host: 'PHX-ISHARAF', ip: '192.168.125.204', os.name: 'Windows 10', os.arch: 'amd64', os.version: '10.0', java.version: '1.8.0_221'
Driver info: org.openqa.selenium.chrome.ChromeDriver
Capabilities [{networkConnectionEnabled=false, chrome={chromedriverVersion=79.0.3945.16 (93fcc21110c10dbbd49bbff8f472335360e31d05-refs/branch-heads/3945@{#262}), userDataDir=C:\Users\ISharaf\AppData\Local\Temp\scoped_dir63148_1868591038}, timeouts={implicit=0, pageLoad=300000, script=30000}, pageLoadStrategy=normal, unhandledPromptBehavior=accept, strictFileInteractability=false, platform=XP, proxy=Proxy(), goog:chromeOptions={debuggerAddress=localhost:54443}, acceptInsecureCerts=false, browserVersion=79.0.3945.130, browserName=chrome, javascriptEnabled=true, platformName=XP, setWindowRect=true}]
Session ID: 94275d98e8716d39ea2e74504eaeab0a
*** Element info: {Using=xpath, value=//span[contains(text(),'Compose')]}
2020-04-09 10:31:46,526 [FATAL] trail - Exception occured: org.openqa.selenium.NoSuchElementException: no such element: Unable to locate element: {"method":"xpath","selector":"//span[contains(text(),'Compose')]"}
  (Session info: chrome=79.0.3945.130)
For documentation on this error, please visit: http://seleniumhq.org/exceptions/no_such_element.html
Build info: version: '3.5.3', revision: 'a88d25fe6b', time: '2017-08-29T12:42:44.417Z'
System info: host: 'PHX-ISHARAF', ip: '192.168.125.204', os.name: 'Windows 10', os.arch: 'amd64', os.version: '10.0', java.version: '1.8.0_221'
Driver info: org.openqa.selenium.chrome.ChromeDriver
Capabilities [{networkConnectionEnabled=false, chrome={chromedriverVersion=79.0.3945.16 (93fcc21110c10dbbd49bbff8f472335360e31d05-refs/branch-heads/3945@{#262}), userDataDir=C:\Users\ISharaf\AppData\Local\Temp\scoped_dir63148_1868591038}, timeouts={implicit=0, pageLoad=300000, script=30000}, pageLoadStrategy=normal, unhandledPromptBehavior=accept, strictFileInteractability=false, platform=XP, proxy=Proxy(), goog:chromeOptions={debuggerAddress=localhost:54443}, acceptInsecureCerts=false, browserVersion=79.0.3945.130, browserName=chrome, javascriptEnabled=true, platformName=XP, setWindowRect=true}]
Session ID: 94275d98e8716d39ea2e74504eaeab0a
*** Element info: {Using=xpath, value=//span[contains(text(),'Compose')]}
2020-04-09 10:31:46,883 [INFO ] trail - validateEmail skipped!
2020-04-09 10:31:54,038 [DEBUG] trail - Navigated to: 'https://test.salesforce.com'
2020-04-09 10:31:58,480 [INFO ] trail - 
###############################Test Case: validateEmail is Started!####################################

2020-04-09 10:32:14,346 [DEBUG] trail - Navigated to: 'https://fei--fscfull.lightning.force.com/lightning/r/User/0050R000000XRFmQAO/view'
2020-04-09 10:32:41,961 [INFO ] trail - Logged in as : Field Advisor: Ian Krekelberg
2020-04-09 10:32:42,803 [INFO ] trail - Complete running SalesforceRestAPI.APIConnection()
2020-04-09 10:32:49,427 [INFO ] trail - Complete running SalesforceRestAPI.createRetailRecord()
2020-04-09 10:32:55,283 [INFO ] trail - Complete running SalesforceRestAPI.updateRetailRecord()
2020-04-09 10:32:56,838 [INFO ] trail - Complete running SalesforceRestAPI.updateBrancAccountRelationship();
2020-04-09 10:32:56,838 [INFO ] trail - Complete running SalesforceTestRestAPI.dataCreation_basic()
2020-04-09 10:32:57,658 [DEBUG] trail - Navigated to: 'https://fei--fscfull.lightning.force.com/lightning/r/Account/0010R00000zD0igQAC/view'
2020-04-09 10:33:02,659 [INFO ] trail - Open up the Account and validate email
2020-04-09 10:33:10,083 [FATAL] trail - Exception occured: org.openqa.selenium.StaleElementReferenceException: stale element reference: element is not attached to the page document
  (Session info: chrome=79.0.3945.130)
For documentation on this error, please visit: http://seleniumhq.org/exceptions/stale_element_reference.html
Build info: version: '3.5.3', revision: 'a88d25fe6b', time: '2017-08-29T12:42:44.417Z'
System info: host: 'PHX-ISHARAF', ip: '192.168.125.204', os.name: 'Windows 10', os.arch: 'amd64', os.version: '10.0', java.version: '1.8.0_221'
Driver info: org.openqa.selenium.chrome.ChromeDriver
Capabilities [{networkConnectionEnabled=false, chrome={chromedriverVersion=79.0.3945.16 (93fcc21110c10dbbd49bbff8f472335360e31d05-refs/branch-heads/3945@{#262}), userDataDir=C:\Users\ISharaf\AppData\Local\Temp\scoped_dir64444_1904288346}, timeouts={implicit=0, pageLoad=300000, script=30000}, pageLoadStrategy=normal, unhandledPromptBehavior=accept, strictFileInteractability=false, platform=XP, proxy=Proxy(), goog:chromeOptions={debuggerAddress=localhost:54693}, acceptInsecureCerts=false, browserVersion=79.0.3945.130, browserName=chrome, javascriptEnabled=true, platformName=XP, setWindowRect=true}]
Session ID: 226743be0235e6fd5ddea4e5e117ad8f
2020-04-09 10:33:10,661 [INFO ] trail - 
###############################Test Case: validateEmail is failed!####################################

2020-04-09 10:33:11,901 [INFO ] trail - ////////////////////Automation Script Execution Completed!/////////////////////////
2020-04-09 10:33:12,223 [INFO ] trail - ////////////////////Automation Script Execution Started!/////////////////////////
2020-04-09 10:33:17,957 [DEBUG] trail - Navigated to: 'https://test.salesforce.com'
2020-04-09 10:33:20,204 [INFO ] trail - 
###############################Test Case: opttyClosedLost_viaAPI is Started!####################################

2020-04-09 10:33:32,290 [DEBUG] trail - Navigated to: 'https://fei--fscfull.lightning.force.com/lightning/r/User/0050R000000XRFmQAO/view'
2020-04-09 10:34:03,449 [INFO ] trail - Complete running SalesforceRestAPI.APIConnection()
2020-04-09 10:34:10,032 [INFO ] trail - Complete running SalesforceRestAPI.createRetailRecord()
2020-04-09 10:34:14,896 [INFO ] trail - Complete running SalesforceRestAPI.updateRetailRecord()
2020-04-09 10:34:18,007 [INFO ] trail - Complete running SalesforceRestAPI.updateBrancAccountRelationship();
2020-04-09 10:34:34,838 [INFO ] trail - SalesforceRestAPI.createBranchOpp()
2020-04-09 10:34:35,641 [DEBUG] trail - Navigated to: 'https://fei--fscfull.lightning.force.com/lightning/r/Account/0010R00000zD0ilQAC/view'
2020-04-09 10:35:06,384 [DEBUG] trail - Clicked on: [[[[ChromeDriver: chrome on XP (ee1b8cd1baa524e6c0e0d1a5b070ebe0)] -> xpath: //select[ contains (@id, ('dropdownInput1:'))]]] -> xpath: .//option[normalize-space(.) = "Duplicate"]]
2020-04-09 10:35:24,840 [INFO ] trail - 
###############################Test Case: opttyClosedLost_viaAPI is passed!####################################

2020-04-09 10:35:30,412 [DEBUG] trail - Navigated to: 'https://test.salesforce.com'
2020-04-09 10:35:32,588 [INFO ] trail - 
###############################Test Case: moveStageStatusManually is Started!####################################

2020-04-09 10:35:46,829 [DEBUG] trail - Navigated to: 'https://fei--fscfull.lightning.force.com/lightning/r/User/0050R000000XRFmQAO/view'
2020-04-09 10:36:14,900 [INFO ] trail - Complete running SalesforceRestAPI.APIConnection()
2020-04-09 10:36:21,426 [INFO ] trail - Complete running SalesforceRestAPI.createRetailRecord()
2020-04-09 10:36:27,195 [INFO ] trail - Complete running SalesforceRestAPI.updateRetailRecord()
2020-04-09 10:36:29,023 [INFO ] trail - Complete running SalesforceRestAPI.updateBrancAccountRelationship();
2020-04-09 10:36:42,833 [INFO ] trail - SalesforceRestAPI.createBranchOpp()
2020-04-09 10:36:44,197 [DEBUG] trail - Navigated to: 'https://fei--fscfull.lightning.force.com/lightning/r/Account/0010R00000zD0iqQAC/view'
2020-04-09 10:37:11,739 [INFO ] trail - 
###############################Test Case: moveStageStatusManually is passed!####################################

2020-04-09 10:37:19,272 [DEBUG] trail - Navigated to: 'https://test.salesforce.com'
2020-04-09 10:37:21,317 [INFO ] trail - 
###############################Test Case: logacall_notReached_Optty is Started!####################################

2020-04-09 10:37:31,658 [DEBUG] trail - Navigated to: 'https://fei--fscfull.lightning.force.com/lightning/r/User/0050R000000XRFmQAO/view'
2020-04-09 10:38:00,735 [INFO ] trail - Complete running SalesforceRestAPI.APIConnection()
2020-04-09 10:38:07,414 [INFO ] trail - Complete running SalesforceRestAPI.createRetailRecord()
2020-04-09 10:38:12,275 [INFO ] trail - Complete running SalesforceRestAPI.updateRetailRecord()
2020-04-09 10:38:15,543 [INFO ] trail - Complete running SalesforceRestAPI.updateBrancAccountRelationship();
2020-04-09 10:38:29,422 [INFO ] trail - SalesforceRestAPI.createBranchOpp()
2020-04-09 10:38:30,821 [DEBUG] trail - Navigated to: 'https://fei--fscfull.lightning.force.com/lightning/r/Account/0010R00000zD0ivQAC/view'
2020-04-09 10:38:51,237 [DEBUG] trail - Clicked on: [[[[ChromeDriver: chrome on XP (dc888ae9136a7374a833c11d67521021)] -> xpath: (//div[contains(text(),'Outcome')]/../../../following-sibling::div/select)[last()]]] -> xpath: .//option[normalize-space(.) = "Not Reached"]]
2020-04-09 10:39:15,742 [INFO ] trail - 
###############################Test Case: logacall_notReached_Optty is passed!####################################

2020-04-09 10:39:21,716 [DEBUG] trail - Navigated to: 'https://test.salesforce.com'
2020-04-09 10:39:23,622 [INFO ] trail - 
###############################Test Case: logacall_Reached_Optty is Started!####################################

2020-04-09 10:39:34,075 [DEBUG] trail - Navigated to: 'https://fei--fscfull.lightning.force.com/lightning/r/User/0050R000000XRFmQAO/view'
2020-04-09 10:40:14,756 [INFO ] trail - Complete running SalesforceRestAPI.APIConnection()
2020-04-09 10:40:21,828 [INFO ] trail - Complete running SalesforceRestAPI.createRetailRecord()
2020-04-09 10:40:26,678 [INFO ] trail - Complete running SalesforceRestAPI.updateRetailRecord()
2020-04-09 10:40:30,050 [INFO ] trail - Complete running SalesforceRestAPI.updateBrancAccountRelationship();
2020-04-09 10:40:44,107 [INFO ] trail - SalesforceRestAPI.createBranchOpp()
2020-04-09 10:40:45,178 [DEBUG] trail - Navigated to: 'https://fei--fscfull.lightning.force.com/lightning/r/Account/0010R00000zD0j5QAC/view'
2020-04-09 10:41:05,646 [DEBUG] trail - Clicked on: [[[[ChromeDriver: chrome on XP (57ef16f2472fa40b6db9e30f8d1254ae)] -> xpath: (//div[contains(text(),'Outcome')]/../../../following-sibling::div/select)[last()]]] -> xpath: .//option[normalize-space(.) = "Reached"]]
2020-04-09 10:41:29,986 [INFO ] trail - 
###############################Test Case: logacall_Reached_Optty is passed!####################################

2020-04-09 10:41:36,133 [DEBUG] trail - Navigated to: 'https://test.salesforce.com'
2020-04-09 10:41:38,136 [INFO ] trail - 
###############################Test Case: logacall_Reached_StageClosedLost is Started!####################################

2020-04-09 10:41:49,320 [DEBUG] trail - Navigated to: 'https://fei--fscfull.lightning.force.com/lightning/r/User/0050R000000XRFmQAO/view'
2020-04-09 10:42:21,870 [INFO ] trail - Complete running SalesforceRestAPI.APIConnection()
2020-04-09 10:42:28,941 [INFO ] trail - Complete running SalesforceRestAPI.createRetailRecord()
2020-04-09 10:42:33,721 [INFO ] trail - Complete running SalesforceRestAPI.updateRetailRecord()
2020-04-09 10:42:36,837 [INFO ] trail - Complete running SalesforceRestAPI.updateBrancAccountRelationship();
2020-04-09 10:42:50,521 [INFO ] trail - SalesforceRestAPI.createBranchOpp()
2020-04-09 10:42:51,431 [DEBUG] trail - Navigated to: 'https://fei--fscfull.lightning.force.com/lightning/r/Account/0010R00000zD0jKQAS/view'
2020-04-09 10:43:11,883 [DEBUG] trail - Clicked on: [[[[ChromeDriver: chrome on XP (b2dc0fc25b019095a269c4c18fa7943b)] -> xpath: (//div[contains(text(),'Outcome')]/../../../following-sibling::div/select)[last()]]] -> xpath: .//option[normalize-space(.) = "Reached"]]
2020-04-09 10:43:35,929 [DEBUG] trail - Clicked on: [[[[ChromeDriver: chrome on XP (b2dc0fc25b019095a269c4c18fa7943b)] -> xpath: //select[ contains (@id, ('dropdownInput1:'))]]] -> xpath: .//option[normalize-space(.) = "Duplicate"]]
2020-04-09 10:43:49,757 [INFO ] trail - 
###############################Test Case: logacall_Reached_StageClosedLost is passed!####################################

2020-04-09 10:43:56,099 [DEBUG] trail - Navigated to: 'https://test.salesforce.com'
2020-04-09 10:43:58,140 [INFO ] trail - 
###############################Test Case: scheduleMeetingandthenCloseMeeting is Started!####################################

2020-04-09 10:44:11,418 [DEBUG] trail - Navigated to: 'https://fei--fscfull.lightning.force.com/lightning/r/User/0050R000000XRFmQAO/view'
2020-04-09 10:44:37,817 [INFO ] trail - Complete running SalesforceRestAPI.APIConnection()
2020-04-09 10:44:44,206 [INFO ] trail - Complete running SalesforceRestAPI.createRetailRecord()
2020-04-09 10:44:48,972 [INFO ] trail - Complete running SalesforceRestAPI.updateRetailRecord()
2020-04-09 10:44:52,172 [INFO ] trail - Complete running SalesforceRestAPI.updateBrancAccountRelationship();
2020-04-09 10:45:06,140 [INFO ] trail - SalesforceRestAPI.createBranchOpp()
2020-04-09 10:45:07,318 [DEBUG] trail - Navigated to: 'https://fei--fscfull.lightning.force.com/lightning/r/Account/0010R00000zD0jPQAS/view'
2020-04-09 10:45:27,708 [DEBUG] trail - Clicked on: [[[[ChromeDriver: chrome on XP (06b0cb3c5b844bb4cca40c0195a884a0)] -> xpath: (//div[contains(text(),'Outcome')]/../../../following-sibling::div/select)[last()]]] -> xpath: .//option[normalize-space(.) = "Meeting"]]
2020-04-09 10:45:35,319 [DEBUG] trail - Clicked on: [[ChromeDriver: chrome on XP (06b0cb3c5b844bb4cca40c0195a884a0)] -> xpath: (//input[contains (@name ,'Subject')])[last()]]
2020-04-09 10:45:39,936 [DEBUG] trail - Clicked on: [[[[ChromeDriver: chrome on XP (06b0cb3c5b844bb4cca40c0195a884a0)] -> xpath: (//div[contains(text(),'How Did You Meet With Client')]/../../../following-sibling::div/select)[last()]]] -> xpath: .//option[normalize-space(.) = "In-Person Meeting"]]
2020-04-09 10:45:40,119 [DEBUG] trail - Clicked on: [[[[ChromeDriver: chrome on XP (06b0cb3c5b844bb4cca40c0195a884a0)] -> xpath: (//div[contains(text(),'Select Meeting Outcome')]/../../../following-sibling::div/select)[last()]]] -> xpath: .//option[normalize-space(.) = "Completed"]]
2020-04-09 10:45:59,336 [INFO ] trail - 
###############################Test Case: scheduleMeetingandthenCloseMeeting is passed!####################################

2020-04-09 10:46:05,851 [DEBUG] trail - Navigated to: 'https://test.salesforce.com'
2020-04-09 10:46:07,757 [INFO ] trail - 
###############################Test Case: scheduleMeetingviaNextAction is Started!####################################

2020-04-09 10:46:31,678 [DEBUG] trail - Navigated to: 'https://fei--fscfull.lightning.force.com/lightning/r/User/0050R000000XRFmQAO/view'
2020-04-09 10:46:59,301 [INFO ] trail - Complete running SalesforceRestAPI.APIConnection()
2020-04-09 10:47:06,062 [INFO ] trail - Complete running SalesforceRestAPI.createRetailRecord()
2020-04-09 10:47:12,191 [INFO ] trail - Complete running SalesforceRestAPI.updateRetailRecord()
2020-04-09 10:47:13,679 [INFO ] trail - Complete running SalesforceRestAPI.updateBrancAccountRelationship();
2020-04-09 10:47:28,098 [INFO ] trail - SalesforceRestAPI.createBranchOpp()
2020-04-09 10:47:30,367 [DEBUG] trail - Navigated to: 'https://fei--fscfull.lightning.force.com/lightning/r/Account/0010R00000zD0iXQAS/view'
2020-04-09 10:47:51,035 [DEBUG] trail - Clicked on: [[[[ChromeDriver: chrome on XP (6c43bd34f556175e82ca8d777eed6d3a)] -> xpath: (//div[contains(text(),'Outcome')]/../../../following-sibling::div/select)[last()]]] -> xpath: .//option[normalize-space(.) = "Reached"]]
2020-04-09 10:48:12,280 [DEBUG] trail - Clicked on: [[[[ChromeDriver: chrome on XP (6c43bd34f556175e82ca8d777eed6d3a)] -> xpath: //div[contains(text(),'How do you intend to meet with the client?')]/../../../following-sibling::div/select]] -> xpath: .//option[normalize-space(.) = "On-Phone Meeting"]]
2020-04-09 10:48:15,775 [DEBUG] trail - Clicked on: [[ChromeDriver: chrome on XP (6c43bd34f556175e82ca8d777eed6d3a)] -> xpath: //input[@name='Meeting_Start_Date_And_Time_0' and @type='text' and @class = 'slds-input slds-combobox__input']]
2020-04-09 10:49:02,816 [INFO ] trail - 
###############################Test Case: scheduleMeetingviaNextAction is passed!####################################

2020-04-09 10:49:07,970 [DEBUG] trail - Navigated to: 'https://test.salesforce.com'
2020-04-09 10:49:11,164 [INFO ] trail - 
###############################Test Case: enrollment_BM is Started!####################################

2020-04-09 10:49:23,874 [DEBUG] trail - Navigated to: 'https://fei--fscfull.lightning.force.com/lightning/r/User/0050R000000XRFmQAO/view'
2020-04-09 10:49:58,142 [INFO ] trail - Complete running SalesforceRestAPI.APIConnection()
2020-04-09 10:50:05,253 [INFO ] trail - Complete running SalesforceRestAPI.createRetailRecord()
2020-04-09 10:50:10,469 [INFO ] trail - Complete running SalesforceRestAPI.updateRetailRecord()
2020-04-09 10:50:13,754 [INFO ] trail - Complete running SalesforceRestAPI.updateBrancAccountRelationship();
2020-04-09 10:50:27,655 [INFO ] trail - SalesforceRestAPI.createBranchOpp()
2020-04-09 10:50:28,717 [DEBUG] trail - Navigated to: 'https://fei--fscfull.lightning.force.com/lightning/r/Account/0010R00000zD0jUQAS/view'
2020-04-09 10:50:49,224 [DEBUG] trail - Clicked on: [[[[ChromeDriver: chrome on XP (fef174b087fda681d128aef181dfef01)] -> xpath: (//div[contains(text(),'Outcome')]/../../../following-sibling::div/select)[last()]]] -> xpath: .//option[normalize-space(.) = "Reached"]]
2020-04-09 10:53:42,125 [FATAL] trail - Exception occured: org.openqa.selenium.NoSuchElementException: no such element: Unable to locate element: {"method":"xpath","selector":"//label[contains (@for, ('PrimaryBM'))]/..//span[contains(@class, ('checkbox'))]"}
  (Session info: chrome=79.0.3945.130)
For documentation on this error, please visit: http://seleniumhq.org/exceptions/no_such_element.html
Build info: version: '3.5.3', revision: 'a88d25fe6b', time: '2017-08-29T12:42:44.417Z'
System info: host: 'PHX-ISHARAF', ip: '192.168.125.204', os.name: 'Windows 10', os.arch: 'amd64', os.version: '10.0', java.version: '1.8.0_221'
Driver info: org.openqa.selenium.chrome.ChromeDriver
Capabilities [{networkConnectionEnabled=false, chrome={chromedriverVersion=79.0.3945.16 (93fcc21110c10dbbd49bbff8f472335360e31d05-refs/branch-heads/3945@{#262}), userDataDir=C:\Users\ISharaf\AppData\Local\Temp\scoped_dir61696_1367762409}, timeouts={implicit=0, pageLoad=300000, script=30000}, pageLoadStrategy=normal, unhandledPromptBehavior=accept, strictFileInteractability=false, platform=XP, proxy=Proxy(), goog:chromeOptions={debuggerAddress=localhost:56367}, acceptInsecureCerts=false, browserVersion=79.0.3945.130, browserName=chrome, javascriptEnabled=true, platformName=XP, setWindowRect=true}]
Session ID: fef174b087fda681d128aef181dfef01
*** Element info: {Using=xpath, value=//label[contains (@for, ('PrimaryBM'))]/..//span[contains(@class, ('checkbox'))]}
2020-04-09 10:56:12,560 [FATAL] trail - Exception occured: org.openqa.selenium.NoSuchElementException: no such element: Unable to locate element: {"method":"xpath","selector":"//label[contains (@for, ('PrimaryBM'))]/..//span[contains(@class, ('checkbox'))]"}
  (Session info: chrome=79.0.3945.130)
For documentation on this error, please visit: http://seleniumhq.org/exceptions/no_such_element.html
Build info: version: '3.5.3', revision: 'a88d25fe6b', time: '2017-08-29T12:42:44.417Z'
System info: host: 'PHX-ISHARAF', ip: '192.168.125.204', os.name: 'Windows 10', os.arch: 'amd64', os.version: '10.0', java.version: '1.8.0_221'
Driver info: org.openqa.selenium.chrome.ChromeDriver
Capabilities [{networkConnectionEnabled=false, chrome={chromedriverVersion=79.0.3945.16 (93fcc21110c10dbbd49bbff8f472335360e31d05-refs/branch-heads/3945@{#262}), userDataDir=C:\Users\ISharaf\AppData\Local\Temp\scoped_dir61696_1367762409}, timeouts={implicit=0, pageLoad=300000, script=30000}, pageLoadStrategy=normal, unhandledPromptBehavior=accept, strictFileInteractability=false, platform=XP, proxy=Proxy(), goog:chromeOptions={debuggerAddress=localhost:56367}, acceptInsecureCerts=false, browserVersion=79.0.3945.130, browserName=chrome, javascriptEnabled=true, platformName=XP, setWindowRect=true}]
Session ID: fef174b087fda681d128aef181dfef01
*** Element info: {Using=xpath, value=//label[contains (@for, ('PrimaryBM'))]/..//span[contains(@class, ('checkbox'))]}
2020-04-09 10:56:12,902 [INFO ] trail - enrollment_BM skipped!
2020-04-09 10:56:19,937 [DEBUG] trail - Navigated to: 'https://test.salesforce.com'
2020-04-09 10:56:22,187 [INFO ] trail - 
###############################Test Case: enrollment_BM is Started!####################################

2020-04-09 10:56:29,721 [DEBUG] trail - Navigated to: 'https://fei--fscfull.lightning.force.com/lightning/r/User/0050R000000XRFmQAO/view'
2020-04-09 10:57:01,576 [INFO ] trail - Complete running SalesforceRestAPI.APIConnection()
2020-04-09 10:57:09,547 [INFO ] trail - Complete running SalesforceRestAPI.createRetailRecord()
2020-04-09 10:57:14,472 [INFO ] trail - Complete running SalesforceRestAPI.updateRetailRecord()
2020-04-09 10:57:17,724 [INFO ] trail - Complete running SalesforceRestAPI.updateBrancAccountRelationship();
2020-04-09 10:57:31,541 [INFO ] trail - SalesforceRestAPI.createBranchOpp()
2020-04-09 10:57:33,666 [DEBUG] trail - Navigated to: 'https://fei--fscfull.lightning.force.com/lightning/r/Account/0010R00000zD0jeQAC/view'
2020-04-09 10:57:54,133 [DEBUG] trail - Clicked on: [[[[ChromeDriver: chrome on XP (d69f763a15b9af70d877b1c716f90e4a)] -> xpath: (//div[contains(text(),'Outcome')]/../../../following-sibling::div/select)[last()]]] -> xpath: .//option[normalize-space(.) = "Reached"]]
2020-04-09 11:00:47,145 [FATAL] trail - Exception occured: org.openqa.selenium.NoSuchElementException: no such element: Unable to locate element: {"method":"xpath","selector":"//label[contains (@for, ('PrimaryBM'))]/..//span[contains(@class, ('checkbox'))]"}
  (Session info: chrome=79.0.3945.130)
For documentation on this error, please visit: http://seleniumhq.org/exceptions/no_such_element.html
Build info: version: '3.5.3', revision: 'a88d25fe6b', time: '2017-08-29T12:42:44.417Z'
System info: host: 'PHX-ISHARAF', ip: '192.168.125.204', os.name: 'Windows 10', os.arch: 'amd64', os.version: '10.0', java.version: '1.8.0_221'
Driver info: org.openqa.selenium.chrome.ChromeDriver
Capabilities [{networkConnectionEnabled=false, chrome={chromedriverVersion=79.0.3945.16 (93fcc21110c10dbbd49bbff8f472335360e31d05-refs/branch-heads/3945@{#262}), userDataDir=C:\Users\ISharaf\AppData\Local\Temp\scoped_dir63672_508784978}, timeouts={implicit=0, pageLoad=300000, script=30000}, pageLoadStrategy=normal, unhandledPromptBehavior=accept, strictFileInteractability=false, platform=XP, proxy=Proxy(), goog:chromeOptions={debuggerAddress=localhost:56635}, acceptInsecureCerts=false, browserVersion=79.0.3945.130, browserName=chrome, javascriptEnabled=true, platformName=XP, setWindowRect=true}]
Session ID: d69f763a15b9af70d877b1c716f90e4a
*** Element info: {Using=xpath, value=//label[contains (@for, ('PrimaryBM'))]/..//span[contains(@class, ('checkbox'))]}
